#
# A fatal error has been detected by the Java Runtime Environment:
#
#  SIGSEGV (0xb) at pc=0x00007f88bf3a2848, pid=2780, tid=0x00007f8880c21700
#
# JRE version: Java(TM) SE Runtime Environment (8.0_131-b11) (build 1.8.0_131-b11)
# Java VM: Java HotSpot(TM) 64-Bit Server VM (25.131-b11 mixed mode linux-amd64 compressed oops)
# Problematic frame:
# V  [libjvm.so+0x6d3848]  jni_invoke_nonstatic(JNIEnv_*, JavaValue*, _jobject*, JNICallType, _jmethodID*, JNI_ArgumentPusher*, Thread*)+0x38
#
# Failed to write core dump. Core dumps have been disabled. To enable core dumping, try "ulimit -c unlimited" before starting Java again
#
# If you would like to submit a bug report, please visit:
#   http://bugreport.java.com/bugreport/crash.jsp
#

---------------  T H R E A D  ---------------

Current thread (0x00007f88b81f7000):  JavaThread "JavaFX Application Thread" [_thread_in_vm, id=2795, stack(0x00007f8880b21000,0x00007f8880c22000)]

siginfo: si_signo: 11 (SIGSEGV), si_code: 128 (SI_KERNEL), si_addr: 0x0000000000000000

Registers:
RAX=0x00007f8880c1d860, RBX=0x00007f8880c1d770, RCX=0x0000000000000001, RDX=0x7062696c2f343664
RSP=0x00007f8880c1d5c0, RBP=0x00007f8880c1d740, RSI=0x00007f8880c1d7d0, RDI=0x00007f88b81f71f8
R8 =0x00007f88b81b45e8, R9 =0x00007f8880c1d770, R10=0x00007f88980503f0, R11=0x00000000c3063a18
R12=0x00007f88b81f7000, R13=0x00007f88b81b45e8, R14=0x0000000000000001, R15=0x00007f88b81f71f8
RIP=0x00007f88bf3a2848, EFLAGS=0x0000000000010202, CSGSFS=0x0000000000000033, ERR=0x0000000000000000
  TRAPNO=0x000000000000000d

Top of Stack: (sp=0x00007f8880c1d5c0)
0x00007f8880c1d5c0:   00007f8880c1dc90 00007f8880c1d8e0
0x00007f8880c1d5d0:   00007f8880c1d620 00007f8880c1d6a0
0x00007f8880c1d5e0:   00007f8880c1d770 00007f8880c1d7d0
0x00007f8880c1d5f0:   00007f88b81f71f8 00007f88bf3c2350
0x00007f8880c1d600:   00007f8898011670 00007f88980116f0
0x00007f8880c1d610:   00007f8898011a58 00000000000003d8
0x00007f8880c1d620:   00007f88b81f6df8 00000000c3082d30
0x00007f8880c1d630:   00007f880000006f 00007f880000000a
0x00007f8880c1d640:   00000000c331f028 00007f8800000000
0x00007f8880c1d650:   00007f88b81b5078 00007f88c06ad7be
0x00007f8880c1d660:   00007f88bcf2aaf8 0000000100000100
0x00007f8880c1d670:   00007f88bcf61748 00007f8880c1d628
0x00007f8880c1d680:   00007f8880c1d669 0000000800000005
0x00007f8880c1d690:   00007f88bcf84d00 00007f88b81f6e00
0x00007f8880c1d6a0:   00007f88bfc30790 00007f88c0753720
0x00007f8880c1d6b0:   00000000b81f6c90 00007f88b81f7000
0x00007f8880c1d6c0:   0000000000000000 00007f88bf3a2c1b
0x00007f8880c1d6d0:   00007f88bcf34ba8 00007f88b81f7000
0x00007f8880c1d6e0:   00007f88bcf34ba8 00007f88b81f7000
0x00007f8880c1d6f0:   00007f8880c1d880 00007f88bcf34ba8
0x00007f8880c1d700:   00007f88bcf34ba8 00007f88bcf34ba8
0x00007f8880c1d710:   00007f8898011670 00007f8880c1d770
0x00007f8880c1d720:   00007f88b81f7000 00007f8880c1d7b0
0x00007f8880c1d730:   00007f88b81b45e8 00007f88b81f71f8
0x00007f8880c1d740:   00007f8880c1d830 00007f88bf3a6fef
0x00007f8880c1d750:   00007f88b81f7000 00007f88a81ebed4
0x00007f8880c1d760:   00007f8880c1d848 7062696c2f343664
0x00007f8880c1d770:   00007f88bfc313f0 00007f88c0753720
0x00007f8880c1d780:   0000000080c1d7f0 00007f8800000063
0x00007f8880c1d790:   0000000000000000 0000003000000018
0x00007f8880c1d7a0:   00007f8880c1d920 00007f8880c1d860
0x00007f8880c1d7b0:   00007f88b81f7000 0000000000000000 

Instructions: (pc=0x00007f88bf3a2848)
0x00007f88bf3a2828:   00 00 48 85 d2 48 89 bd b0 fe ff ff 48 89 b5 a8
0x00007f88bf3a2838:   fe ff ff 4c 89 8d a0 fe ff ff 0f 84 78 09 00 00
0x00007f88bf3a2848:   4c 8b 22 4d 85 e4 0f 84 6c 09 00 00 48 8b 45 10
0x00007f88bf3a2858:   48 8b 98 38 01 00 00 48 83 7b 18 f7 0f 87 16 07 

Register to memory mapping:

RAX=0x00007f8880c1d860 is pointing into the stack for thread: 0x00007f88b81f7000
RBX=0x00007f8880c1d770 is pointing into the stack for thread: 0x00007f88b81f7000
RCX=0x0000000000000001 is an unknown value
RDX=0x7062696c2f343664 is an unknown value
RSP=0x00007f8880c1d5c0 is pointing into the stack for thread: 0x00007f88b81f7000
RBP=0x00007f8880c1d740 is pointing into the stack for thread: 0x00007f88b81f7000
RSI=0x00007f8880c1d7d0 is pointing into the stack for thread: 0x00007f88b81f7000
RDI=0x00007f88b81f71f8 is an unknown value
R8 =0x00007f88b81b45e8 is an unknown value
R9 =0x00007f8880c1d770 is pointing into the stack for thread: 0x00007f88b81f7000
R10=0x00007f88980503f0 is an unknown value
R11=
[error occurred during error reporting (printing register info), id 0xb]

Stack: [0x00007f8880b21000,0x00007f8880c22000],  sp=0x00007f8880c1d5c0,  free space=1009k
Native frames: (J=compiled Java code, j=interpreted, Vv=VM code, C=native code)
V  [libjvm.so+0x6d3848]  jni_invoke_nonstatic(JNIEnv_*, JavaValue*, _jobject*, JNICallType, _jmethodID*, JNI_ArgumentPusher*, Thread*)+0x38
V  [libjvm.so+0x6d7fef]  jni_CallVoidMethodV+0x10f
C  [libglass.so+0x18221]  JNIEnv_::CallVoidMethod(_jobject*, _jmethodID*, ...)+0x81
C  [libglass.so+0x1dbcf]  WindowContextBase::process_key(_GdkEventKey*)+0x20f
C  [libglass.so+0x1c0a0]  WindowContextBase::im_filter_keypress(_GdkEventKey*)+0x1c0
C  [libglass.so+0x21d3c]  process_events(_GdkEvent*, void*)+0x22c
C  [libgdk-x11-2.0.so.0+0x5ab6c]

Java frames: (J=compiled Java code, j=interpreted, Vv=VM code)
j  com.sun.glass.ui.gtk.GtkApplication.enterNestedEventLoopImpl()V+0
j  com.sun.glass.ui.gtk.GtkApplication._enterNestedEventLoop()Ljava/lang/Object;+15
j  com.sun.glass.ui.Application.enterNestedEventLoop()Ljava/lang/Object;+14
j  com.sun.glass.ui.EventLoop.enter()Ljava/lang/Object;+42
j  com.sun.javafx.tk.quantum.QuantumToolkit.enterNestedEventLoop(Ljava/lang/Object;)Ljava/lang/Object;+107
j  javafx.stage.Stage.showAndWait()V+93
j  javafx.scene.control.HeavyweightDialog.showAndWait()V+22
j  javafx.scene.control.Dialog.showAndWait()Ljava/util/Optional;+88
j  fr.gsb.rv.dr.Appli.lambda$start$1(Ljavafx/scene/control/MenuItem;Ljavafx/scene/control/MenuItem;Ljavafx/scene/control/Menu;Ljavafx/scene/control/Menu;Ljavafx/event/ActionEvent;)V+14
j  fr.gsb.rv.dr.Appli$$Lambda$142.handle(Ljavafx/event/Event;)V+20
j  com.sun.javafx.event.CompositeEventHandler.dispatchBubblingEvent(Ljavafx/event/Event;)V+51
J 1100 C1 com.sun.javafx.event.EventHandlerManager.dispatchBubblingEvent(Ljavafx/event/EventType;Ljavafx/event/Event;)Ljavafx/event/Event; (34 bytes) @ 0x00007f88a93e3a90 [0x00007f88a93e3540+0x550]
j  com.sun.javafx.event.EventHandlerManager.dispatchBubblingEvent(Ljavafx/event/Event;)Ljavafx/event/Event;+8
j  com.sun.javafx.event.BasicEventDispatcher.dispatchEvent(Ljavafx/event/Event;Ljavafx/event/EventDispatchChain;)Ljavafx/event/Event;+29
J 1118 C1 com.sun.javafx.event.EventDispatchChainImpl.dispatchEvent(Ljavafx/event/Event;)Ljavafx/event/Event; (101 bytes) @ 0x00007f88a93e8544 [0x00007f88a93e83a0+0x1a4]
j  com.sun.javafx.event.EventUtil.fireEventImpl(Ljavafx/event/EventDispatchChain;Ljavafx/event/EventTarget;Ljavafx/event/Event;)Ljavafx/event/Event;+10
j  com.sun.javafx.event.EventUtil.fireEvent(Ljavafx/event/EventTarget;Ljavafx/event/Event;)Ljavafx/event/Event;+37
j  javafx.event.Event.fireEvent(Ljavafx/event/EventTarget;Ljavafx/event/Event;)V+30
j  javafx.scene.control.MenuItem.fire()V+10
j  com.sun.javafx.scene.control.skin.ContextMenuContent$MenuItemContainer.doSelect()V+97
j  com.sun.javafx.scene.control.skin.ContextMenuContent$MenuItemContainer.lambda$createChildren$343(Ljavafx/scene/input/MouseEvent;)V+1
j  com.sun.javafx.scene.control.skin.ContextMenuContent$MenuItemContainer$$Lambda$177.handle(Ljavafx/event/Event;)V+8
j  com.sun.javafx.event.CompositeEventHandler$NormalEventHandlerRecord.handleBubblingEvent(Ljavafx/event/Event;)V+5
j  com.sun.javafx.event.CompositeEventHandler.dispatchBubblingEvent(Ljavafx/event/Event;)V+28
J 1100 C1 com.sun.javafx.event.EventHandlerManager.dispatchBubblingEvent(Ljavafx/event/EventType;Ljavafx/event/Event;)Ljavafx/event/Event; (34 bytes) @ 0x00007f88a93e3a90 [0x00007f88a93e3540+0x550]
j  com.sun.javafx.event.EventHandlerManager.dispatchBubblingEvent(Ljavafx/event/Event;)Ljavafx/event/Event;+8
j  com.sun.javafx.event.CompositeEventDispatcher.dispatchBubblingEvent(Ljavafx/event/Event;)Ljavafx/event/Event;+11
j  com.sun.javafx.event.BasicEventDispatcher.dispatchEvent(Ljavafx/event/Event;Ljavafx/event/EventDispatchChain;)Ljavafx/event/Event;+29
J 1118 C1 com.sun.javafx.event.EventDispatchChainImpl.dispatchEvent(Ljavafx/event/Event;)Ljavafx/event/Event; (101 bytes) @ 0x00007f88a93e8544 [0x00007f88a93e83a0+0x1a4]
j  com.sun.javafx.event.BasicEventDispatcher.dispatchEvent(Ljavafx/event/Event;Ljavafx/event/EventDispatchChain;)Ljavafx/event/Event;+17
J 1118 C1 com.sun.javafx.event.EventDispatchChainImpl.dispatchEvent(Ljavafx/event/Event;)Ljavafx/event/Event; (101 bytes) @ 0x00007f88a93e8544 [0x00007f88a93e83a0+0x1a4]
j  com.sun.javafx.event.BasicEventDispatcher.dispatchEvent(Ljavafx/event/Event;Ljavafx/event/EventDispatchChain;)Ljavafx/event/Event;+17
J 1118 C1 com.sun.javafx.event.EventDispatchChainImpl.dispatchEvent(Ljavafx/event/Event;)Ljavafx/event/Event; (101 bytes) @ 0x00007f88a93e8544 [0x00007f88a93e83a0+0x1a4]
j  com.sun.javafx.event.BasicEventDispatcher.dispatchEvent(Ljavafx/event/Event;Ljavafx/event/EventDispatchChain;)Ljavafx/event/Event;+17
J 1118 C1 com.sun.javafx.event.EventDispatchChainImpl.dispatchEvent(Ljavafx/event/Event;)Ljavafx/event/Event; (101 bytes) @ 0x00007f88a93e8544 [0x00007f88a93e83a0+0x1a4]
j  com.sun.javafx.event.EventUtil.fireEventImpl(Ljavafx/event/EventDispatchChain;Ljavafx/event/EventTarget;Ljavafx/event/Event;)Ljavafx/event/Event;+10
j  com.sun.javafx.event.EventUtil.fireEvent(Ljavafx/event/EventTarget;Ljavafx/event/Event;)Ljavafx/event/Event;+46
j  javafx.event.Event.fireEvent(Ljavafx/event/EventTarget;Ljavafx/event/Event;)V+30
j  javafx.scene.Scene$MouseHandler.process(Ljavafx/scene/input/MouseEvent;Z)V+491
j  javafx.scene.Scene$MouseHandler.access$1500(Ljavafx/scene/Scene$MouseHandler;Ljavafx/scene/input/MouseEvent;Z)V+3
j  javafx.scene.Scene.impl_processMouseEvent(Ljavafx/scene/input/MouseEvent;)V+6
j  javafx.scene.Scene$ScenePeerListener.mouseEvent(Ljavafx/event/EventType;DDDDLjavafx/scene/input/MouseButton;ZZZZZZZZZ)V+46
j  com.sun.javafx.tk.quantum.GlassViewEventHandler$MouseEventNotification.run()Ljava/lang/Void;+514
j  com.sun.javafx.tk.quantum.GlassViewEventHandler$MouseEventNotification.run()Ljava/lang/Object;+1
v  ~StubRoutines::call_stub
j  java.security.AccessController.doPrivileged(Ljava/security/PrivilegedAction;Ljava/security/AccessControlContext;)Ljava/lang/Object;+0
j  com.sun.javafx.tk.quantum.GlassViewEventHandler.lambda$handleMouseEvent$354()Ljava/lang/Void;+11
j  com.sun.javafx.tk.quantum.GlassViewEventHandler$$Lambda$160.get()Ljava/lang/Object;+4
j  com.sun.javafx.tk.quantum.QuantumToolkit.runWithoutRenderLock(Ljava/util/function/Supplier;)Ljava/lang/Object;+18
j  com.sun.javafx.tk.quantum.GlassViewEventHandler.handleMouseEvent(Lcom/sun/glass/ui/View;JIIIIIIIZZ)V+103
j  com.sun.glass.ui.View.handleMouseEvent(JIIIIIIIZZ)V+30
j  com.sun.glass.ui.View.notifyMouse(IIIIIIIZZ)V+181
v  ~StubRoutines::call_stub
j  com.sun.glass.ui.gtk.GtkApplication._runLoop(Ljava/lang/Runnable;Z)V+0
j  com.sun.glass.ui.gtk.GtkApplication.lambda$null$49(Ljava/lang/Runnable;Z)V+7
j  com.sun.glass.ui.gtk.GtkApplication$$Lambda$42.run()V+12
j  java.lang.Thread.run()V+11
v  ~StubRoutines::call_stub

---------------  P R O C E S S  ---------------

Java Threads: ( => current thread )
  0x00007f889829c000 JavaThread "Prism Font Disposer" daemon [_thread_blocked, id=2797, stack(0x00007f887f857000,0x00007f887f958000)]
  0x00007f88b81fb000 JavaThread "JavaFX-Launcher" [_thread_blocked, id=2796, stack(0x00007f8880a20000,0x00007f8880b21000)]
=>0x00007f88b81f7000 JavaThread "JavaFX Application Thread" [_thread_in_vm, id=2795, stack(0x00007f8880b21000,0x00007f8880c22000)]
  0x00007f88b81f3000 JavaThread "Thread-1" daemon [_thread_blocked, id=2794, stack(0x00007f88a8058000,0x00007f88a8159000)]
  0x00007f88b81a6800 JavaThread "QuantumRenderer-0" daemon [_thread_blocked, id=2793, stack(0x00007f88a8c67000,0x00007f88a8d68000)]
  0x00007f88b80db800 JavaThread "Service Thread" daemon [_thread_blocked, id=2791, stack(0x00007f88a8eff000,0x00007f88a9000000)]
  0x00007f88b80d8800 JavaThread "C1 CompilerThread1" daemon [_thread_blocked, id=2790, stack(0x00007f88bc08a000,0x00007f88bc18b000)]
  0x00007f88b80d6000 JavaThread "C2 CompilerThread0" daemon [_thread_blocked, id=2789, stack(0x00007f88bc18b000,0x00007f88bc28c000)]
  0x00007f88b80d4800 JavaThread "Signal Dispatcher" daemon [_thread_blocked, id=2788, stack(0x00007f88bc28c000,0x00007f88bc38d000)]
  0x00007f88b80a1800 JavaThread "Finalizer" daemon [_thread_blocked, id=2787, stack(0x00007f88bc516000,0x00007f88bc617000)]
  0x00007f88b809d000 JavaThread "Reference Handler" daemon [_thread_blocked, id=2786, stack(0x00007f88bc617000,0x00007f88bc718000)]
  0x00007f88b8009800 JavaThread "main" [_thread_blocked, id=2782, stack(0x00007f88c07a8000,0x00007f88c08a9000)]

Other Threads:
  0x00007f88b8095000 VMThread [stack: 0x00007f88bc718000,0x00007f88bc819000] [id=2785]
  0x00007f88b80de800 WatcherThread [stack: 0x00007f88a8dfe000,0x00007f88a8eff000] [id=2792]

VM state:not at safepoint (normal execution)

VM Mutex/Monitor currently owned by a thread: None

Heap:
 def new generation   total 19008K, used 17569K [0x00000000c2400000, 0x00000000c38a0000, 0x00000000d6d50000)
  eden space 16896K,  94% used [0x00000000c2400000, 0x00000000c3389bc0, 0x00000000c3480000)
  from space 2112K,  78% used [0x00000000c3480000, 0x00000000c361eb80, 0x00000000c3690000)
  to   space 2112K,   0% used [0x00000000c3690000, 0x00000000c3690000, 0x00000000c38a0000)
 tenured generation   total 42368K, used 5068K [0x00000000d6d50000, 0x00000000d96b0000, 0x0000000100000000)
   the space 42368K,  11% used [0x00000000d6d50000, 0x00000000d7243070, 0x00000000d7243200, 0x00000000d96b0000)
 Metaspace       used 15289K, capacity 16244K, committed 16384K, reserved 1062912K
  class space    used 2313K, capacity 2505K, committed 2560K, reserved 1048576K

Card table byte_map: [0x00007f88bd38b000,0x00007f88bd57a000] byte_map_base: 0x00007f88bcd79000

Polling page: 0x00007f88c08c1000

CodeCache: size=245760Kb used=5118Kb max_used=5126Kb free=240641Kb
 bounds [0x00007f88a9000000, 0x00007f88a9510000, 0x00007f88b8000000]
 total_blobs=2185 nmethods=1597 adapters=501
 compilation: enabled

Compilation events (10 events):
Event: 7,263 Thread 0x00007f88b80d8800 1591       3       com.sun.scenario.animation.AbstractMasterTimer$MainLoop::run (61 bytes)
Event: 7,264 Thread 0x00007f88b80d8800 nmethod 1591 0x00007f88a94fb590 code [0x00007f88a94fb760, 0x00007f88a94fbca8]
Event: 7,264 Thread 0x00007f88b80d8800 1592       3       com.sun.javafx.tk.quantum.MasterTimer::recordStart (8 bytes)
Event: 7,265 Thread 0x00007f88b80d8800 nmethod 1592 0x00007f88a94fbed0 code [0x00007f88a94fc080, 0x00007f88a94fc5c0]
Event: 7,294 Thread 0x00007f88b80d6000 1593       4       java.util.Arrays::copyOf (19 bytes)
Event: 7,297 Thread 0x00007f88b80d8800 1595       3       com.sun.javafx.scene.control.behavior.OptionalBoolean::equals (37 bytes)
Event: 7,297 Thread 0x00007f88b80d8800 nmethod 1595 0x00007f88a94fc850 code [0x00007f88a94fc9c0, 0x00007f88a94fcc90]
Event: 7,297 Thread 0x00007f88b80d8800 1594       3       com.sun.javafx.scene.EnteredExitedHandler::dispatchCapturingEvent (222 bytes)
Event: 7,299 Thread 0x00007f88b80d8800 nmethod 1594 0x00007f88a94fcd10 code [0x00007f88a94fd0a0, 0x00007f88a94ff6e0]
Event: 7,301 Thread 0x00007f88b80d6000 nmethod 1593 0x00007f88a9503350 code [0x00007f88a95034a0, 0x00007f88a9503698]

GC Heap History (4 events):
Event: 0,786 GC heap before
{Heap before GC invocations=0 (full 0):
 def new generation   total 19008K, used 16896K [0x00000000c2400000, 0x00000000c38a0000, 0x00000000d6d50000)
  eden space 16896K, 100% used [0x00000000c2400000, 0x00000000c3480000, 0x00000000c3480000)
  from space 2112K,   0% used [0x00000000c3480000, 0x00000000c3480000, 0x00000000c3690000)
  to   space 2112K,   0% used [0x00000000c3690000, 0x00000000c3690000, 0x00000000c38a0000)
 tenured generation   total 42368K, used 0K [0x00000000d6d50000, 0x00000000d96b0000, 0x0000000100000000)
   the space 42368K,   0% used [0x00000000d6d50000, 0x00000000d6d50000, 0x00000000d6d50200, 0x00000000d96b0000)
 Metaspace       used 10118K, capacity 10474K, committed 10752K, reserved 1058816K
  class space    used 1360K, capacity 1452K, committed 1536K, reserved 1048576K
Event: 0,792 GC heap after
Heap after GC invocations=1 (full 0):
 def new generation   total 19008K, used 2112K [0x00000000c2400000, 0x00000000c38a0000, 0x00000000d6d50000)
  eden space 16896K,   0% used [0x00000000c2400000, 0x00000000c2400000, 0x00000000c3480000)
  from space 2112K, 100% used [0x00000000c3690000, 0x00000000c38a0000, 0x00000000c38a0000)
  to   space 2112K,   0% used [0x00000000c3480000, 0x00000000c3480000, 0x00000000c3690000)
 tenured generation   total 42368K, used 811K [0x00000000d6d50000, 0x00000000d96b0000, 0x0000000100000000)
   the space 42368K,   1% used [0x00000000d6d50000, 0x00000000d6e1ad00, 0x00000000d6e1ae00, 0x00000000d96b0000)
 Metaspace       used 10118K, capacity 10474K, committed 10752K, reserved 1058816K
  class space    used 1360K, capacity 1452K, committed 1536K, reserved 1048576K
}
Event: 1,174 GC heap before
{Heap before GC invocations=1 (full 0):
 def new generation   total 19008K, used 11739K [0x00000000c2400000, 0x00000000c38a0000, 0x00000000d6d50000)
  eden space 16896K,  56% used [0x00000000c2400000, 0x00000000c2d66c80, 0x00000000c3480000)
  from space 2112K, 100% used [0x00000000c3690000, 0x00000000c38a0000, 0x00000000c38a0000)
  to   space 2112K,   0% used [0x00000000c3480000, 0x00000000c3480000, 0x00000000c3690000)
 tenured generation   total 42368K, used 811K [0x00000000d6d50000, 0x00000000d96b0000, 0x0000000100000000)
   the space 42368K,   1% used [0x00000000d6d50000, 0x00000000d6e1ad00, 0x00000000d6e1ae00, 0x00000000d96b0000)
 Metaspace       used 12790K, capacity 13384K, committed 13568K, reserved 1060864K
  class space    used 1888K, capacity 2037K, committed 2048K, reserved 1048576K
Event: 1,185 GC heap after
Heap after GC invocations=2 (full 0):
 def new generation   total 19008K, used 1658K [0x00000000c2400000, 0x00000000c38a0000, 0x00000000d6d50000)
  eden space 16896K,   0% used [0x00000000c2400000, 0x00000000c2400000, 0x00000000c3480000)
  from space 2112K,  78% used [0x00000000c3480000, 0x00000000c361eb80, 0x00000000c3690000)
  to   space 2112K,   0% used [0x00000000c3690000, 0x00000000c3690000, 0x00000000c38a0000)
 tenured generation   total 42368K, used 5068K [0x00000000d6d50000, 0x00000000d96b0000, 0x0000000100000000)
   the space 42368K,  11% used [0x00000000d6d50000, 0x00000000d7243070, 0x00000000d7243200, 0x00000000d96b0000)
 Metaspace       used 12790K, capacity 13384K, committed 13568K, reserved 1060864K
  class space    used 1888K, capacity 2037K, committed 2048K, reserved 1048576K
}

Deoptimization events (10 events):
Event: 0,805 Thread 0x00007f88b81f7000 Uncommon trap: reason=class_check action=maybe_recompile pc=0x00007f88a91180b8 method=java.lang.String.equals(Ljava/lang/Object;)Z @ 8
Event: 0,805 Thread 0x00007f88b81f7000 Uncommon trap: reason=class_check action=maybe_recompile pc=0x00007f88a91180b8 method=java.lang.String.equals(Ljava/lang/Object;)Z @ 8
Event: 0,806 Thread 0x00007f88b81f7000 Uncommon trap: reason=class_check action=maybe_recompile pc=0x00007f88a91180b8 method=java.lang.String.equals(Ljava/lang/Object;)Z @ 8
Event: 1,054 Thread 0x00007f88b81f7000 Uncommon trap: reason=unstable_if action=reinterpret pc=0x00007f88a92d1e44 method=sun.misc.URLClassPath$JarLoader.ensureOpen()V @ 4
Event: 1,172 Thread 0x00007f88b81a6800 Uncommon trap: reason=unstable_if action=reinterpret pc=0x00007f88a9343cd0 method=com.sun.javafx.image.impl.ByteRgb$ToIntFrgbConv.doConvert([BII[IIIII)V @ 22
Event: 2,471 Thread 0x00007f88b81f7000 Uncommon trap: reason=unstable_if action=reinterpret pc=0x00007f88a92b2484 method=jdk.internal.org.objectweb.asm.Type.getArgumentsAndReturnSizes(Ljava/lang/String;)I @ 47
Event: 2,932 Thread 0x00007f88b81f7000 Uncommon trap: reason=unstable_if action=reinterpret pc=0x00007f88a93e9cec method=java.lang.ClassLoader.checkName(Ljava/lang/String;)Z @ 20
Event: 2,992 Thread 0x00007f88b81f7000 Uncommon trap: reason=unstable_if action=reinterpret pc=0x00007f88a93aa40c method=java.lang.CharacterDataLatin1.toUpperCase(I)I @ 12
Event: 3,027 Thread 0x00007f88b81f7000 Uncommon trap: reason=unstable_if action=reinterpret pc=0x00007f88a94257ec method=com.sun.javafx.css.BitSet.addAll(Ljava/util/Collection;)Z @ 1
Event: 5,956 Thread 0x00007f88b81f7000 Uncommon trap: reason=unstable_if action=reinterpret pc=0x00007f88a9237ea0 method=java.lang.CharacterData.of(I)Ljava/lang/CharacterData; @ 4

Internal exceptions (10 events):
Event: 0,223 Thread 0x00007f88b8009800 Exception <a 'java/security/PrivilegedActionException'> (0x00000000c266dc20) thrown at [/HUDSON/workspace/8-2-build-linux-amd64/jdk8u131/8869/hotspot/src/share/vm/prims/jvm.cpp, line 1390]
Event: 0,223 Thread 0x00007f88b8009800 Exception <a 'java/security/PrivilegedActionException'> (0x00000000c266de30) thrown at [/HUDSON/workspace/8-2-build-linux-amd64/jdk8u131/8869/hotspot/src/share/vm/prims/jvm.cpp, line 1390]
Event: 0,223 Thread 0x00007f88b8009800 Exception <a 'java/security/PrivilegedActionException'> (0x00000000c266fa08) thrown at [/HUDSON/workspace/8-2-build-linux-amd64/jdk8u131/8869/hotspot/src/share/vm/prims/jvm.cpp, line 1390]
Event: 0,223 Thread 0x00007f88b8009800 Exception <a 'java/security/PrivilegedActionException'> (0x00000000c266fc18) thrown at [/HUDSON/workspace/8-2-build-linux-amd64/jdk8u131/8869/hotspot/src/share/vm/prims/jvm.cpp, line 1390]
Event: 0,224 Thread 0x00007f88b8009800 Exception <a 'java/lang/NullPointerException'> (0x00000000c26701f0) thrown at [/HUDSON/workspace/8-2-build-linux-amd64/jdk8u131/8869/hotspot/src/share/vm/interpreter/linkResolver.cpp, line 1197]
Event: 0,484 Thread 0x00007f88b81f7000 Exception <a 'java/lang/NullPointerException'> (0x00000000c2ca7b88) thrown at [/HUDSON/workspace/8-2-build-linux-amd64/jdk8u131/8869/hotspot/src/share/vm/interpreter/linkResolver.cpp, line 1197]
Event: 0,484 Thread 0x00007f88b81f7000 Exception <a 'java/lang/NullPointerException'> (0x00000000c2ca7b88) thrown at [/HUDSON/workspace/8-2-build-linux-amd64/jdk8u131/8869/hotspot/src/share/vm/prims/jvm.cpp, line 1394]
Event: 0,692 Thread 0x00007f88b81f7000 Implicit null exception at 0x00007f88a9239275 to 0x00007f88a9239491
Event: 1,054 Thread 0x00007f88b81f7000 Implicit null exception at 0x00007f88a92d0cb4 to 0x00007f88a92d1e1d
Event: 3,027 Thread 0x00007f88b81f7000 Implicit null exception at 0x00007f88a942528f to 0x00007f88a94257d9

Events (10 events):
Event: 5,956 Thread 0x00007f88b81f7000 DEOPT PACKING pc=0x00007f88a9237ea0 sp=0x00007f8880c1a470
Event: 5,956 Thread 0x00007f88b81f7000 DEOPT UNPACKING pc=0x00007f88a9005229 sp=0x00007f8880c1a438 mode 2
Event: 5,956 loading class java/lang/CharacterData00
Event: 5,956 loading class java/lang/CharacterData00 done
Event: 5,956 Executing VM operation: Deoptimize
Event: 5,957 Executing VM operation: Deoptimize done
Event: 7,292 loading class javafx/scene/input/KeyCombination$2
Event: 7,292 loading class javafx/scene/input/KeyCombination$2 done
Event: 7,293 loading class javafx/util/Pair
Event: 7,293 loading class javafx/util/Pair done


Dynamic libraries:
00400000-00401000 r-xp 00000000 08:01 276799                             /opt/jdk8/jre/bin/java
00600000-00601000 rw-p 00000000 08:01 276799                             /opt/jdk8/jre/bin/java
00a8c000-00aad000 rw-p 00000000 00:00 0                                  [heap]
c2400000-c38a0000 rw-p 00000000 00:00 0 
c38a0000-d6d50000 ---p 00000000 00:00 0 
d6d50000-d96b0000 rw-p 00000000 00:00 0 
d96b0000-100000000 ---p 00000000 00:00 0 
100000000-100280000 rw-p 00000000 00:00 0 
100280000-140000000 ---p 00000000 00:00 0 
7f887f211000-7f887f391000 rw-p 00000000 00:00 0 
7f887f391000-7f887f411000 ---p 00000000 00:00 0 
7f887f411000-7f887f634000 rw-p 00000000 00:00 0 
7f887f634000-7f887f644000 r-xp 00000000 08:01 276921                     /opt/jdk8/jre/lib/amd64/libdecora_sse.so
7f887f644000-7f887f843000 ---p 00010000 08:01 276921                     /opt/jdk8/jre/lib/amd64/libdecora_sse.so
7f887f843000-7f887f844000 rw-p 0000f000 08:01 276921                     /opt/jdk8/jre/lib/amd64/libdecora_sse.so
7f887f844000-7f887f857000 r--s 00345000 08:01 276883                     /opt/jdk8/jre/lib/resources.jar
7f887f857000-7f887f85a000 ---p 00000000 00:00 0 
7f887f85a000-7f887f958000 rw-p 00000000 00:00 0                          [stack:2797]
7f887f958000-7f887fa0e000 r--p 00000000 08:01 132887                     /usr/share/fonts/truetype/dejavu/DejaVuSans.ttf
7f887fa0e000-7f887fa4a000 r--p 00000000 08:01 414721                     /opt/jdk8/jre/lib/fonts/LucidaTypewriterRegular.ttf
7f887fa4a000-7f887fa98000 r--p 00000000 08:01 414718                     /opt/jdk8/jre/lib/fonts/LucidaSansDemiBold.ttf
7f887fa98000-7f887faab000 r--p 00000000 08:01 414723                     /opt/jdk8/jre/lib/fonts/LucidaBrightDemiBold.ttf
7f887faab000-7f887fabe000 r--p 00000000 08:01 414720                     /opt/jdk8/jre/lib/fonts/LucidaBrightDemiItalic.ttf
7f887fabe000-7f887fb69000 r--p 00000000 08:01 414716                     /opt/jdk8/jre/lib/fonts/LucidaSansRegular.ttf
7f887fb69000-7f887fb7d000 r--p 00000000 08:01 414715                     /opt/jdk8/jre/lib/fonts/LucidaBrightItalic.ttf
7f887fb7d000-7f887fbd2000 r--p 00000000 08:01 414717                     /opt/jdk8/jre/lib/fonts/LucidaBrightRegular.ttf
7f887fbd2000-7f887fbd6000 r-xp 00000000 08:01 276894                     /opt/jdk8/jre/lib/amd64/libjavafx_font_pango.so
7f887fbd6000-7f887fdd5000 ---p 00004000 08:01 276894                     /opt/jdk8/jre/lib/amd64/libjavafx_font_pango.so
7f887fdd5000-7f887fdd6000 rw-p 00003000 08:01 276894                     /opt/jdk8/jre/lib/amd64/libjavafx_font_pango.so
7f887fdd6000-7f887ffd6000 rw-p 00000000 00:00 0 
7f887ffd6000-7f887ffe1000 r-xp 00000000 08:01 1062920                    /usr/lib/x86_64-linux-gnu/gtk-2.0/2.10.0/engines/libxfce.so
7f887ffe1000-7f88801e0000 ---p 0000b000 08:01 1062920                    /usr/lib/x86_64-linux-gnu/gtk-2.0/2.10.0/engines/libxfce.so
7f88801e0000-7f88801e1000 r--p 0000a000 08:01 1062920                    /usr/lib/x86_64-linux-gnu/gtk-2.0/2.10.0/engines/libxfce.so
7f88801e1000-7f88801e2000 rw-p 0000b000 08:01 1062920                    /usr/lib/x86_64-linux-gnu/gtk-2.0/2.10.0/engines/libxfce.so
7f88801e2000-7f88803e2000 rw-p 00000000 00:00 0 
7f88803e2000-7f88803e7000 r-xp 00000000 08:01 276897                     /opt/jdk8/jre/lib/amd64/libjavafx_font_freetype.so
7f88803e7000-7f88805e6000 ---p 00005000 08:01 276897                     /opt/jdk8/jre/lib/amd64/libjavafx_font_freetype.so
7f88805e6000-7f88805e7000 rw-p 00004000 08:01 276897                     /opt/jdk8/jre/lib/amd64/libjavafx_font_freetype.so
7f88805e7000-7f88805ea000 r-xp 00000000 08:01 276944                     /opt/jdk8/jre/lib/amd64/libjavafx_font.so
7f88805ea000-7f88807e9000 ---p 00003000 08:01 276944                     /opt/jdk8/jre/lib/amd64/libjavafx_font.so
7f88807e9000-7f88807ea000 rw-p 00002000 08:01 276944                     /opt/jdk8/jre/lib/amd64/libjavafx_font.so
7f88807ea000-7f8880820000 r-xp 00000000 08:01 276940                     /opt/jdk8/jre/lib/amd64/libjavafx_iio.so
7f8880820000-7f8880a1f000 ---p 00036000 08:01 276940                     /opt/jdk8/jre/lib/amd64/libjavafx_iio.so
7f8880a1f000-7f8880a20000 rw-p 00035000 08:01 276940                     /opt/jdk8/jre/lib/amd64/libjavafx_iio.so
7f8880a20000-7f8880a23000 ---p 00000000 00:00 0 
7f8880a23000-7f8880b21000 rw-p 00000000 00:00 0                          [stack:2796]
7f8880b21000-7f8880b24000 ---p 00000000 00:00 0 
7f8880b24000-7f8880c22000 rw-p 00000000 00:00 0                          [stack:2795]
7f8880c22000-7f8880c4b000 r-xp 00000000 08:01 276919                     /opt/jdk8/jre/lib/amd64/libglass.so
7f8880c4b000-7f8880e4a000 ---p 00029000 08:01 276919                     /opt/jdk8/jre/lib/amd64/libglass.so
7f8880e4a000-7f8880e4d000 rw-p 00028000 08:01 276919                     /opt/jdk8/jre/lib/amd64/libglass.so
7f8880e4d000-7f8880e5c000 r-xp 00000000 08:01 276917                     /opt/jdk8/jre/lib/amd64/libprism_sw.so
7f8880e5c000-7f888105c000 ---p 0000f000 08:01 276917                     /opt/jdk8/jre/lib/amd64/libprism_sw.so
7f888105c000-7f888105d000 rw-p 0000f000 08:01 276917                     /opt/jdk8/jre/lib/amd64/libprism_sw.so
7f888105d000-7f8881094000 r-xp 00000000 08:01 1059350                    /usr/lib/x86_64-linux-gnu/libtxc_dxtn_s2tc.so.0.0.0
7f8881094000-7f8881293000 ---p 00037000 08:01 1059350                    /usr/lib/x86_64-linux-gnu/libtxc_dxtn_s2tc.so.0.0.0
7f8881293000-7f8881294000 r--p 00036000 08:01 1059350                    /usr/lib/x86_64-linux-gnu/libtxc_dxtn_s2tc.so.0.0.0
7f8881294000-7f8881295000 rw-p 00037000 08:01 1059350                    /usr/lib/x86_64-linux-gnu/libtxc_dxtn_s2tc.so.0.0.0
7f8881295000-7f88812a3000 r-xp 00000000 08:01 783844                     /lib/x86_64-linux-gnu/libbsd.so.0.7.0
7f88812a3000-7f88814a2000 ---p 0000e000 08:01 783844                     /lib/x86_64-linux-gnu/libbsd.so.0.7.0
7f88814a2000-7f88814a3000 r--p 0000d000 08:01 783844                     /lib/x86_64-linux-gnu/libbsd.so.0.7.0
7f88814a3000-7f88814a4000 rw-p 0000e000 08:01 783844                     /lib/x86_64-linux-gnu/libbsd.so.0.7.0
7f88814a4000-7f88814a5000 rw-p 00000000 00:00 0 
7f88814a5000-7f88814cb000 r-xp 00000000 08:01 784685                     /lib/x86_64-linux-gnu/libtinfo.so.5.9
7f88814cb000-7f88816ca000 ---p 00026000 08:01 784685                     /lib/x86_64-linux-gnu/libtinfo.so.5.9
7f88816ca000-7f88816ce000 r--p 00025000 08:01 784685                     /lib/x86_64-linux-gnu/libtinfo.so.5.9
7f88816ce000-7f88816cf000 rw-p 00029000 08:01 784685                     /lib/x86_64-linux-gnu/libtinfo.so.5.9
7f88816cf000-7f8881701000 r-xp 00000000 08:01 1052846                    /usr/lib/x86_64-linux-gnu/libedit.so.2.0.51
7f8881701000-7f8881901000 ---p 00032000 08:01 1052846                    /usr/lib/x86_64-linux-gnu/libedit.so.2.0.51
7f8881901000-7f8881903000 r--p 00032000 08:01 1052846                    /usr/lib/x86_64-linux-gnu/libedit.so.2.0.51
7f8881903000-7f8881904000 rw-p 00034000 08:01 1052846                    /usr/lib/x86_64-linux-gnu/libedit.so.2.0.51
7f8881904000-7f8881908000 rw-p 00000000 00:00 0 
7f8881908000-7f8883444000 r-xp 00000000 08:01 1055391                    /usr/lib/x86_64-linux-gnu/libLLVM-3.5.so.1
7f8883444000-7f8883616000 rw-p 01b3b000 08:01 1055391                    /usr/lib/x86_64-linux-gnu/libLLVM-3.5.so.1
7f8883616000-7f888362c000 rw-p 00000000 00:00 0 
7f888362c000-7f8883638000 r-xp 00000000 08:01 1055328                    /usr/lib/x86_64-linux-gnu/libdrm_radeon.so.1.0.1
7f8883638000-7f8883837000 ---p 0000c000 08:01 1055328                    /usr/lib/x86_64-linux-gnu/libdrm_radeon.so.1.0.1
7f8883837000-7f8883838000 r--p 0000b000 08:01 1055328                    /usr/lib/x86_64-linux-gnu/libdrm_radeon.so.1.0.1
7f8883838000-7f8883839000 rw-p 0000c000 08:01 1055328                    /usr/lib/x86_64-linux-gnu/libdrm_radeon.so.1.0.1
7f8883839000-7f888384e000 r-xp 00000000 08:01 1055372                    /usr/lib/x86_64-linux-gnu/libelf-0.159.so
7f888384e000-7f8883a4d000 ---p 00015000 08:01 1055372                    /usr/lib/x86_64-linux-gnu/libelf-0.159.so
7f8883a4d000-7f8883a4e000 r--p 00014000 08:01 1055372                    /usr/lib/x86_64-linux-gnu/libelf-0.159.so
7f8883a4e000-7f8883a4f000 rw-p 00015000 08:01 1055372                    /usr/lib/x86_64-linux-gnu/libelf-0.159.so
7f8883a4f000-7f8883a55000 r-xp 00000000 08:01 1055323                    /usr/lib/x86_64-linux-gnu/libdrm_nouveau.so.2.0.0
7f8883a55000-7f8883c54000 ---p 00006000 08:01 1055323                    /usr/lib/x86_64-linux-gnu/libdrm_nouveau.so.2.0.0
7f8883c54000-7f8883c55000 r--p 00005000 08:01 1055323                    /usr/lib/x86_64-linux-gnu/libdrm_nouveau.so.2.0.0
7f8883c55000-7f8883c56000 rw-p 00006000 08:01 1055323                    /usr/lib/x86_64-linux-gnu/libdrm_nouveau.so.2.0.0
7f8883c56000-7f88843c0000 r-xp 00000000 08:01 1056198                    /usr/lib/x86_64-linux-gnu/dri/swrast_dri.so
7f88843c0000-7f88845c0000 ---p 0076a000 08:01 1056198                    /usr/lib/x86_64-linux-gnu/dri/swrast_dri.so
7f88845c0000-7f8884616000 r--p 0076a000 08:01 1056198                    /usr/lib/x86_64-linux-gnu/dri/swrast_dri.so
7f8884616000-7f8884622000 rw-p 007c0000 08:01 1056198                    /usr/lib/x86_64-linux-gnu/dri/swrast_dri.so
7f8884622000-7f888480a000 rw-p 00000000 00:00 0 
7f888480a000-7f8884810000 r-xp 00000000 08:01 1054072                    /usr/lib/x86_64-linux-gnu/libdatrie.so.1.3.1
7f8884810000-7f8884a10000 ---p 00006000 08:01 1054072                    /usr/lib/x86_64-linux-gnu/libdatrie.so.1.3.1
7f8884a10000-7f8884a11000 r--p 00006000 08:01 1054072                    /usr/lib/x86_64-linux-gnu/libdatrie.so.1.3.1
7f8884a11000-7f8884a12000 rw-p 00007000 08:01 1054072                    /usr/lib/x86_64-linux-gnu/libdatrie.so.1.3.1
7f8884a12000-7f8884a17000 r-xp 00000000 08:01 1053900                    /usr/lib/x86_64-linux-gnu/libXdmcp.so.6.0.0
7f8884a17000-7f8884c16000 ---p 00005000 08:01 1053900                    /usr/lib/x86_64-linux-gnu/libXdmcp.so.6.0.0
7f8884c16000-7f8884c17000 rw-p 00004000 08:01 1053900                    /usr/lib/x86_64-linux-gnu/libXdmcp.so.6.0.0
7f8884c17000-7f8884c1a000 r-xp 00000000 08:01 1053898                    /usr/lib/x86_64-linux-gnu/libXau.so.6.0.0
7f8884c1a000-7f8884e19000 ---p 00003000 08:01 1053898                    /usr/lib/x86_64-linux-gnu/libXau.so.6.0.0
7f8884e19000-7f8884e1a000 r--p 00002000 08:01 1053898                    /usr/lib/x86_64-linux-gnu/libXau.so.6.0.0
7f8884e1a000-7f8884e1b000 rw-p 00003000 08:01 1053898                    /usr/lib/x86_64-linux-gnu/libXau.so.6.0.0
7f8884e1b000-7f8884e47000 r-xp 00000000 08:01 1054721                    /usr/lib/x86_64-linux-gnu/libgraphite2.so.3.0.1
7f8884e47000-7f8885046000 ---p 0002c000 08:01 1054721                    /usr/lib/x86_64-linux-gnu/libgraphite2.so.3.0.1
7f8885046000-7f8885049000 r--p 0002b000 08:01 1054721                    /usr/lib/x86_64-linux-gnu/libgraphite2.so.3.0.1
7f8885049000-7f888504a000 rw-p 0002e000 08:01 1054721                    /usr/lib/x86_64-linux-gnu/libgraphite2.so.3.0.1
7f888504a000-7f8885056000 r-xp 00000000 08:01 1054860                    /usr/lib/x86_64-linux-gnu/libdrm.so.2.4.0
7f8885056000-7f8885255000 ---p 0000c000 08:01 1054860                    /usr/lib/x86_64-linux-gnu/libdrm.so.2.4.0
7f8885255000-7f8885256000 r--p 0000b000 08:01 1054860                    /usr/lib/x86_64-linux-gnu/libdrm.so.2.4.0
7f8885256000-7f8885257000 rw-p 0000c000 08:01 1054860                    /usr/lib/x86_64-linux-gnu/libdrm.so.2.4.0
7f8885257000-7f8885258000 r-xp 00000000 08:01 1056207                    /usr/lib/x86_64-linux-gnu/libxshmfence.so.1.0.0
7f8885258000-7f8885457000 ---p 00001000 08:01 1056207                    /usr/lib/x86_64-linux-gnu/libxshmfence.so.1.0.0
7f8885457000-7f8885458000 r--p 00000000 08:01 1056207                    /usr/lib/x86_64-linux-gnu/libxshmfence.so.1.0.0
7f8885458000-7f8885459000 rw-p 00001000 08:01 1056207                    /usr/lib/x86_64-linux-gnu/libxshmfence.so.1.0.0
7f8885459000-7f888545e000 r-xp 00000000 08:01 1056205                    /usr/lib/x86_64-linux-gnu/libxcb-sync.so.1.0.0
7f888545e000-7f888565e000 ---p 00005000 08:01 1056205                    /usr/lib/x86_64-linux-gnu/libxcb-sync.so.1.0.0
7f888565e000-7f888565f000 r--p 00005000 08:01 1056205                    /usr/lib/x86_64-linux-gnu/libxcb-sync.so.1.0.0
7f888565f000-7f8885660000 rw-p 00006000 08:01 1056205                    /usr/lib/x86_64-linux-gnu/libxcb-sync.so.1.0.0
7f8885660000-7f8885662000 r-xp 00000000 08:01 1056203                    /usr/lib/x86_64-linux-gnu/libxcb-present.so.0.0.0
7f8885662000-7f8885861000 ---p 00002000 08:01 1056203                    /usr/lib/x86_64-linux-gnu/libxcb-present.so.0.0.0
7f8885861000-7f8885862000 r--p 00001000 08:01 1056203                    /usr/lib/x86_64-linux-gnu/libxcb-present.so.0.0.0
7f8885862000-7f8885863000 rw-p 00002000 08:01 1056203                    /usr/lib/x86_64-linux-gnu/libxcb-present.so.0.0.0
7f8885863000-7f8885865000 r-xp 00000000 08:01 1056199                    /usr/lib/x86_64-linux-gnu/libxcb-dri3.so.0.0.0
7f8885865000-7f8885a64000 ---p 00002000 08:01 1056199                    /usr/lib/x86_64-linux-gnu/libxcb-dri3.so.0.0.0
7f8885a64000-7f8885a65000 r--p 00001000 08:01 1056199                    /usr/lib/x86_64-linux-gnu/libxcb-dri3.so.0.0.0
7f8885a65000-7f8885a66000 rw-p 00002000 08:01 1056199                    /usr/lib/x86_64-linux-gnu/libxcb-dri3.so.0.0.0
7f8885a66000-7f8885a6a000 r-xp 00000000 08:01 1055413                    /usr/lib/x86_64-linux-gnu/libxcb-dri2.so.0.0.0
7f8885a6a000-7f8885c69000 ---p 00004000 08:01 1055413                    /usr/lib/x86_64-linux-gnu/libxcb-dri2.so.0.0.0
7f8885c69000-7f8885c6a000 r--p 00003000 08:01 1055413                    /usr/lib/x86_64-linux-gnu/libxcb-dri2.so.0.0.0
7f8885c6a000-7f8885c6b000 rw-p 00004000 08:01 1055413                    /usr/lib/x86_64-linux-gnu/libxcb-dri2.so.0.0.0
7f8885c6b000-7f8885c82000 r-xp 00000000 08:01 1056201                    /usr/lib/x86_64-linux-gnu/libxcb-glx.so.0.0.0
7f8885c82000-7f8885e81000 ---p 00017000 08:01 1056201                    /usr/lib/x86_64-linux-gnu/libxcb-glx.so.0.0.0
7f8885e81000-7f8885e83000 r--p 00016000 08:01 1056201                    /usr/lib/x86_64-linux-gnu/libxcb-glx.so.0.0.0
7f8885e83000-7f8885e84000 rw-p 00018000 08:01 1056201                    /usr/lib/x86_64-linux-gnu/libxcb-glx.so.0.0.0
7f8885e84000-7f8885e85000 r-xp 00000000 08:01 1058328                    /usr/lib/x86_64-linux-gnu/libX11-xcb.so.1.0.0
7f8885e85000-7f8886084000 ---p 00001000 08:01 1058328                    /usr/lib/x86_64-linux-gnu/libX11-xcb.so.1.0.0
7f8886084000-7f8886085000 r--p 00000000 08:01 1058328                    /usr/lib/x86_64-linux-gnu/libX11-xcb.so.1.0.0
7f8886085000-7f8886086000 rw-p 00001000 08:01 1058328                    /usr/lib/x86_64-linux-gnu/libX11-xcb.so.1.0.0
7f8886086000-7f88860ab000 r-xp 00000000 08:01 1055389                    /usr/lib/x86_64-linux-gnu/libglapi.so.0.0.0
7f88860ab000-7f88862ab000 ---p 00025000 08:01 1055389                    /usr/lib/x86_64-linux-gnu/libglapi.so.0.0.0
7f88862ab000-7f88862ae000 r--p 00025000 08:01 1055389                    /usr/lib/x86_64-linux-gnu/libglapi.so.0.0.0
7f88862ae000-7f88862af000 rw-p 00028000 08:01 1055389                    /usr/lib/x86_64-linux-gnu/libglapi.so.0.0.0
7f88862af000-7f88862b0000 rw-p 00000000 00:00 0 
7f88862b0000-7f888631c000 r-xp 00000000 08:01 783406                     /lib/x86_64-linux-gnu/libpcre.so.3.13.1
7f888631c000-7f888651c000 ---p 0006c000 08:01 783406                     /lib/x86_64-linux-gnu/libpcre.so.3.13.1
7f888651c000-7f888651d000 r--p 0006c000 08:01 783406                     /lib/x86_64-linux-gnu/libpcre.so.3.13.1
7f888651d000-7f888651e000 rw-p 0006d000 08:01 783406                     /lib/x86_64-linux-gnu/libpcre.so.3.13.1
7f888651e000-7f8886525000 r-xp 00000000 08:01 1045138                    /usr/lib/x86_64-linux-gnu/libffi.so.6.0.2
7f8886525000-7f8886725000 ---p 00007000 08:01 1045138                    /usr/lib/x86_64-linux-gnu/libffi.so.6.0.2
7f8886725000-7f8886726000 r--p 00007000 08:01 1045138                    /usr/lib/x86_64-linux-gnu/libffi.so.6.0.2
7f8886726000-7f8886727000 rw-p 00008000 08:01 1045138                    /usr/lib/x86_64-linux-gnu/libffi.so.6.0.2
7f8886727000-7f888674d000 r-xp 00000000 08:01 783421                     /lib/x86_64-linux-gnu/libexpat.so.1.6.0
7f888674d000-7f888694c000 ---p 00026000 08:01 783421                     /lib/x86_64-linux-gnu/libexpat.so.1.6.0
7f888694c000-7f888694f000 r--p 00025000 08:01 783421                     /lib/x86_64-linux-gnu/libexpat.so.1.6.0
7f888694f000-7f8886950000 rw-p 00028000 08:01 783421                     /lib/x86_64-linux-gnu/libexpat.so.1.6.0
7f8886950000-7f8886958000 r-xp 00000000 08:01 1054074                    /usr/lib/x86_64-linux-gnu/libthai.so.0.2.0
7f8886958000-7f8886b57000 ---p 00008000 08:01 1054074                    /usr/lib/x86_64-linux-gnu/libthai.so.0.2.0
7f8886b57000-7f8886b58000 r--p 00007000 08:01 1054074                    /usr/lib/x86_64-linux-gnu/libthai.so.0.2.0
7f8886b58000-7f8886b59000 rw-p 00008000 08:01 1054074                    /usr/lib/x86_64-linux-gnu/libthai.so.0.2.0
7f8886b59000-7f8886b7a000 r-xp 00000000 08:01 1053902                    /usr/lib/x86_64-linux-gnu/libxcb.so.1.1.0
7f8886b7a000-7f8886d79000 ---p 00021000 08:01 1053902                    /usr/lib/x86_64-linux-gnu/libxcb.so.1.1.0
7f8886d79000-7f8886d7a000 r--p 00020000 08:01 1053902                    /usr/lib/x86_64-linux-gnu/libxcb.so.1.1.0
7f8886d7a000-7f8886d7b000 rw-p 00021000 08:01 1053902                    /usr/lib/x86_64-linux-gnu/libxcb.so.1.1.0
7f8886d7b000-7f8886d84000 r-xp 00000000 08:01 1054042                    /usr/lib/x86_64-linux-gnu/libxcb-render.so.0.0.0
7f8886d84000-7f8886f83000 ---p 00009000 08:01 1054042                    /usr/lib/x86_64-linux-gnu/libxcb-render.so.0.0.0
7f8886f83000-7f8886f84000 r--p 00008000 08:01 1054042                    /usr/lib/x86_64-linux-gnu/libxcb-render.so.0.0.0
7f8886f84000-7f8886f85000 rw-p 00009000 08:01 1054042                    /usr/lib/x86_64-linux-gnu/libxcb-render.so.0.0.0
7f8886f85000-7f8886f87000 r-xp 00000000 08:01 1054044                    /usr/lib/x86_64-linux-gnu/libxcb-shm.so.0.0.0
7f8886f87000-7f8887187000 ---p 00002000 08:01 1054044                    /usr/lib/x86_64-linux-gnu/libxcb-shm.so.0.0.0
7f8887187000-7f8887188000 r--p 00002000 08:01 1054044                    /usr/lib/x86_64-linux-gnu/libxcb-shm.so.0.0.0
7f8887188000-7f8887189000 rw-p 00003000 08:01 1054044                    /usr/lib/x86_64-linux-gnu/libxcb-shm.so.0.0.0
7f8887189000-7f888722e000 r-xp 00000000 08:01 1049203                    /usr/lib/x86_64-linux-gnu/libpixman-1.so.0.32.6
7f888722e000-7f888742e000 ---p 000a5000 08:01 1049203                    /usr/lib/x86_64-linux-gnu/libpixman-1.so.0.32.6
7f888742e000-7f8887436000 r--p 000a5000 08:01 1049203                    /usr/lib/x86_64-linux-gnu/libpixman-1.so.0.32.6
7f8887436000-7f8887437000 rw-p 000ad000 08:01 1049203                    /usr/lib/x86_64-linux-gnu/libpixman-1.so.0.32.6
7f8887437000-7f888745d000 r-xp 00000000 08:01 783865                     /lib/x86_64-linux-gnu/libpng12.so.0.50.0
7f888745d000-7f888765c000 ---p 00026000 08:01 783865                     /lib/x86_64-linux-gnu/libpng12.so.0.50.0
7f888765c000-7f888765d000 r--p 00025000 08:01 783865                     /lib/x86_64-linux-gnu/libpng12.so.0.50.0
7f888765d000-7f888765e000 rw-p 00026000 08:01 783865                     /lib/x86_64-linux-gnu/libpng12.so.0.50.0
7f888765e000-7f88876b3000 r-xp 00000000 08:01 1054082                    /usr/lib/x86_64-linux-gnu/libharfbuzz.so.0.935.0
7f88876b3000-7f88878b2000 ---p 00055000 08:01 1054082                    /usr/lib/x86_64-linux-gnu/libharfbuzz.so.0.935.0
7f88878b2000-7f88878b4000 r--p 00054000 08:01 1054082                    /usr/lib/x86_64-linux-gnu/libharfbuzz.so.0.935.0
7f88878b4000-7f88878b5000 rw-p 00056000 08:01 1054082                    /usr/lib/x86_64-linux-gnu/libharfbuzz.so.0.935.0
7f88878b5000-7f88878c9000 r-xp 00000000 08:01 787399                     /lib/x86_64-linux-gnu/libresolv-2.19.so
7f88878c9000-7f8887ac8000 ---p 00014000 08:01 787399                     /lib/x86_64-linux-gnu/libresolv-2.19.so
7f8887ac8000-7f8887ac9000 r--p 00013000 08:01 787399                     /lib/x86_64-linux-gnu/libresolv-2.19.so
7f8887ac9000-7f8887aca000 rw-p 00014000 08:01 787399                     /lib/x86_64-linux-gnu/libresolv-2.19.so
7f8887aca000-7f8887acc000 rw-p 00000000 00:00 0 
7f8887acc000-7f8887aed000 r-xp 00000000 08:01 783459                     /lib/x86_64-linux-gnu/libselinux.so.1
7f8887aed000-7f8887ced000 ---p 00021000 08:01 783459                     /lib/x86_64-linux-gnu/libselinux.so.1
7f8887ced000-7f8887cee000 r--p 00021000 08:01 783459                     /lib/x86_64-linux-gnu/libselinux.so.1
7f8887cee000-7f8887cef000 rw-p 00022000 08:01 783459                     /lib/x86_64-linux-gnu/libselinux.so.1
7f8887cef000-7f8887cf1000 rw-p 00000000 00:00 0 
7f8887cf1000-7f8887d0b000 r-xp 00000000 08:01 783460                     /lib/x86_64-linux-gnu/libz.so.1.2.8
7f8887d0b000-7f8887f0a000 ---p 0001a000 08:01 783460                     /lib/x86_64-linux-gnu/libz.so.1.2.8
7f8887f0a000-7f8887f0b000 r--p 00019000 08:01 783460                     /lib/x86_64-linux-gnu/libz.so.1.2.8
7f8887f0b000-7f8887f0c000 rw-p 0001a000 08:01 783460                     /lib/x86_64-linux-gnu/libz.so.1.2.8
7f8887f0c000-7f8887f1d000 r-xp 00000000 08:01 1054046                    /usr/lib/x86_64-linux-gnu/libXext.so.6.4.0
7f8887f1d000-7f888811c000 ---p 00011000 08:01 1054046                    /usr/lib/x86_64-linux-gnu/libXext.so.6.4.0
7f888811c000-7f888811d000 r--p 00010000 08:01 1054046                    /usr/lib/x86_64-linux-gnu/libXext.so.6.4.0
7f888811d000-7f888811e000 rw-p 00011000 08:01 1054046                    /usr/lib/x86_64-linux-gnu/libXext.so.6.4.0
7f888811e000-7f8888128000 r-xp 00000000 08:01 1054551                    /usr/lib/x86_64-linux-gnu/libXcursor.so.1.0.2
7f8888128000-7f8888327000 ---p 0000a000 08:01 1054551                    /usr/lib/x86_64-linux-gnu/libXcursor.so.1.0.2
7f8888327000-7f8888328000 r--p 00009000 08:01 1054551                    /usr/lib/x86_64-linux-gnu/libXcursor.so.1.0.2
7f8888328000-7f8888329000 rw-p 0000a000 08:01 1054551                    /usr/lib/x86_64-linux-gnu/libXcursor.so.1.0.2
7f8888329000-7f8888332000 r-xp 00000000 08:01 1053918                    /usr/lib/x86_64-linux-gnu/libXrandr.so.2.2.0
7f8888332000-7f8888531000 ---p 00009000 08:01 1053918                    /usr/lib/x86_64-linux-gnu/libXrandr.so.2.2.0
7f8888531000-7f8888532000 r--p 00008000 08:01 1053918                    /usr/lib/x86_64-linux-gnu/libXrandr.so.2.2.0
7f8888532000-7f8888533000 rw-p 00009000 08:01 1053918                    /usr/lib/x86_64-linux-gnu/libXrandr.so.2.2.0
7f8888533000-7f8888542000 r-xp 00000000 08:01 1054563                    /usr/lib/x86_64-linux-gnu/libXi.so.6.1.0
7f8888542000-7f8888742000 ---p 0000f000 08:01 1054563                    /usr/lib/x86_64-linux-gnu/libXi.so.6.1.0
7f8888742000-7f8888743000 r--p 0000f000 08:01 1054563                    /usr/lib/x86_64-linux-gnu/libXi.so.6.1.0
7f8888743000-7f8888744000 rw-p 00010000 08:01 1054563                    /usr/lib/x86_64-linux-gnu/libXi.so.6.1.0
7f8888744000-7f8888746000 r-xp 00000000 08:01 1054568                    /usr/lib/x86_64-linux-gnu/libXinerama.so.1.0.0
7f8888746000-7f8888945000 ---p 00002000 08:01 1054568                    /usr/lib/x86_64-linux-gnu/libXinerama.so.1.0.0
7f8888945000-7f8888946000 r--p 00001000 08:01 1054568                    /usr/lib/x86_64-linux-gnu/libXinerama.so.1.0.0
7f8888946000-7f8888947000 rw-p 00002000 08:01 1054568                    /usr/lib/x86_64-linux-gnu/libXinerama.so.1.0.0
7f8888947000-7f8888950000 r-xp 00000000 08:01 1054048                    /usr/lib/x86_64-linux-gnu/libXrender.so.1.3.0
7f8888950000-7f8888b4f000 ---p 00009000 08:01 1054048                    /usr/lib/x86_64-linux-gnu/libXrender.so.1.3.0
7f8888b4f000-7f8888b50000 r--p 00008000 08:01 1054048                    /usr/lib/x86_64-linux-gnu/libXrender.so.1.3.0
7f8888b50000-7f8888b51000 rw-p 00009000 08:01 1054048                    /usr/lib/x86_64-linux-gnu/libXrender.so.1.3.0
7f8888b51000-7f8888b56000 r-xp 00000000 08:01 1061109                    /usr/lib/x86_64-linux-gnu/libXfixes.so.3.1.0
7f8888b56000-7f8888d55000 ---p 00005000 08:01 1061109                    /usr/lib/x86_64-linux-gnu/libXfixes.so.3.1.0
7f8888d55000-7f8888d56000 r--p 00004000 08:01 1061109                    /usr/lib/x86_64-linux-gnu/libXfixes.so.3.1.0
7f8888d56000-7f8888d57000 rw-p 00005000 08:01 1061109                    /usr/lib/x86_64-linux-gnu/libXfixes.so.3.1.0
7f8888d57000-7f8888d59000 r-xp 00000000 08:01 1054564                    /usr/lib/x86_64-linux-gnu/libXdamage.so.1.1.0
7f8888d59000-7f8888f58000 ---p 00002000 08:01 1054564                    /usr/lib/x86_64-linux-gnu/libXdamage.so.1.1.0
7f8888f58000-7f8888f59000 r--p 00001000 08:01 1054564                    /usr/lib/x86_64-linux-gnu/libXdamage.so.1.1.0
7f8888f59000-7f8888f5a000 rw-p 00002000 08:01 1054564                    /usr/lib/x86_64-linux-gnu/libXdamage.so.1.1.0
7f8888f5a000-7f8888f5c000 r-xp 00000000 08:01 1054558                    /usr/lib/x86_64-linux-gnu/libXcomposite.so.1.0.0
7f8888f5c000-7f888915b000 ---p 00002000 08:01 1054558                    /usr/lib/x86_64-linux-gnu/libXcomposite.so.1.0.0
7f888915b000-7f888915c000 r--p 00001000 08:01 1054558                    /usr/lib/x86_64-linux-gnu/libXcomposite.so.1.0.0
7f888915c000-7f888915d000 rw-p 00002000 08:01 1054558                    /usr/lib/x86_64-linux-gnu/libXcomposite.so.1.0.0
7f888915d000-7f8889173000 r-xp 00000000 08:01 783487                     /lib/x86_64-linux-gnu/libgcc_s.so.1
7f8889173000-7f8889372000 ---p 00016000 08:01 783487                     /lib/x86_64-linux-gnu/libgcc_s.so.1
7f8889372000-7f8889373000 rw-p 00015000 08:01 783487                     /lib/x86_64-linux-gnu/libgcc_s.so.1
7f8889373000-7f888945f000 r-xp 00000000 08:01 1045094                    /usr/lib/x86_64-linux-gnu/libstdc++.so.6.0.20
7f888945f000-7f888965f000 ---p 000ec000 08:01 1045094                    /usr/lib/x86_64-linux-gnu/libstdc++.so.6.0.20
7f888965f000-7f8889667000 r--p 000ec000 08:01 1045094                    /usr/lib/x86_64-linux-gnu/libstdc++.so.6.0.20
7f8889667000-7f8889669000 rw-p 000f4000 08:01 1045094                    /usr/lib/x86_64-linux-gnu/libstdc++.so.6.0.20
7f8889669000-7f888967e000 rw-p 00000000 00:00 0 
7f888967e000-7f8889714000 r-xp 00000000 08:01 1056212                    /usr/lib/x86_64-linux-gnu/libGL.so.1.2.0
7f8889714000-7f8889913000 ---p 00096000 08:01 1056212                    /usr/lib/x86_64-linux-gnu/libGL.so.1.2.0
7f8889913000-7f8889916000 r--p 00095000 08:01 1056212                    /usr/lib/x86_64-linux-gnu/libGL.so.1.2.0
7f8889916000-7f8889917000 rw-p 00098000 08:01 1056212                    /usr/lib/x86_64-linux-gnu/libGL.so.1.2.0
7f8889917000-7f8889918000 rw-p 00000000 00:00 0 
7f8889918000-7f888991d000 r-xp 00000000 08:01 1056209                    /usr/lib/x86_64-linux-gnu/libXxf86vm.so.1.0.0
7f888991d000-7f8889b1c000 ---p 00005000 08:01 1056209                    /usr/lib/x86_64-linux-gnu/libXxf86vm.so.1.0.0
7f8889b1c000-7f8889b1d000 r--p 00004000 08:01 1056209                    /usr/lib/x86_64-linux-gnu/libXxf86vm.so.1.0.0
7f8889b1d000-7f8889b1e000 rw-p 00005000 08:01 1056209                    /usr/lib/x86_64-linux-gnu/libXxf86vm.so.1.0.0
7f8889b1e000-7f8889c5a000 r-xp 00000000 08:01 1053896                    /usr/lib/x86_64-linux-gnu/libX11.so.6.3.0
7f8889c5a000-7f8889e59000 ---p 0013c000 08:01 1053896                    /usr/lib/x86_64-linux-gnu/libX11.so.6.3.0
7f8889e59000-7f8889e5b000 r--p 0013b000 08:01 1053896                    /usr/lib/x86_64-linux-gnu/libX11.so.6.3.0
7f8889e5b000-7f8889e60000 rw-p 0013d000 08:01 1053896                    /usr/lib/x86_64-linux-gnu/libX11.so.6.3.0
7f8889e60000-7f8889e61000 rw-p 00000000 00:00 0 
7f8889e61000-7f8889e66000 r-xp 00000000 08:01 1058769                    /usr/lib/x86_64-linux-gnu/libXtst.so.6.1.0
7f8889e66000-7f888a065000 ---p 00005000 08:01 1058769                    /usr/lib/x86_64-linux-gnu/libXtst.so.6.1.0
7f888a065000-7f888a066000 r--p 00004000 08:01 1058769                    /usr/lib/x86_64-linux-gnu/libXtst.so.6.1.0
7f888a066000-7f888a067000 rw-p 00005000 08:01 1058769                    /usr/lib/x86_64-linux-gnu/libXtst.so.6.1.0
7f888a067000-7f888a173000 r-xp 00000000 08:01 783863                     /lib/x86_64-linux-gnu/libglib-2.0.so.0.4200.1
7f888a173000-7f888a373000 ---p 0010c000 08:01 783863                     /lib/x86_64-linux-gnu/libglib-2.0.so.0.4200.1
7f888a373000-7f888a374000 r--p 0010c000 08:01 783863                     /lib/x86_64-linux-gnu/libglib-2.0.so.0.4200.1
7f888a374000-7f888a375000 rw-p 0010d000 08:01 783863                     /lib/x86_64-linux-gnu/libglib-2.0.so.0.4200.1
7f888a375000-7f888a376000 rw-p 00000000 00:00 0 
7f888a376000-7f888a377000 r-xp 00000000 08:01 1053882                    /usr/lib/x86_64-linux-gnu/libgthread-2.0.so.0.4200.1
7f888a377000-7f888a576000 ---p 00001000 08:01 1053882                    /usr/lib/x86_64-linux-gnu/libgthread-2.0.so.0.4200.1
7f888a576000-7f888a577000 r--p 00000000 08:01 1053882                    /usr/lib/x86_64-linux-gnu/libgthread-2.0.so.0.4200.1
7f888a577000-7f888a578000 rw-p 00001000 08:01 1053882                    /usr/lib/x86_64-linux-gnu/libgthread-2.0.so.0.4200.1
7f888a578000-7f888a57b000 r-xp 00000000 08:01 1053881                    /usr/lib/x86_64-linux-gnu/libgmodule-2.0.so.0.4200.1
7f888a57b000-7f888a77a000 ---p 00003000 08:01 1053881                    /usr/lib/x86_64-linux-gnu/libgmodule-2.0.so.0.4200.1
7f888a77a000-7f888a77b000 r--p 00002000 08:01 1053881                    /usr/lib/x86_64-linux-gnu/libgmodule-2.0.so.0.4200.1
7f888a77b000-7f888a77c000 rw-p 00003000 08:01 1053881                    /usr/lib/x86_64-linux-gnu/libgmodule-2.0.so.0.4200.1
7f888a77c000-7f888a7cd000 r-xp 00000000 08:01 1053880                    /usr/lib/x86_64-linux-gnu/libgobject-2.0.so.0.4200.1
7f888a7cd000-7f888a9cd000 ---p 00051000 08:01 1053880                    /usr/lib/x86_64-linux-gnu/libgobject-2.0.so.0.4200.1
7f888a9cd000-7f888a9ce000 r--p 00051000 08:01 1053880                    /usr/lib/x86_64-linux-gnu/libgobject-2.0.so.0.4200.1
7f888a9ce000-7f888a9cf000 rw-p 00052000 08:01 1053880                    /usr/lib/x86_64-linux-gnu/libgobject-2.0.so.0.4200.1
7f888a9cf000-7f888aa0a000 r-xp 00000000 08:01 1054037                    /usr/lib/x86_64-linux-gnu/libfontconfig.so.1.8.0
7f888aa0a000-7f888ac09000 ---p 0003b000 08:01 1054037                    /usr/lib/x86_64-linux-gnu/libfontconfig.so.1.8.0
7f888ac09000-7f888ac0b000 r--p 0003a000 08:01 1054037                    /usr/lib/x86_64-linux-gnu/libfontconfig.so.1.8.0
7f888ac0b000-7f888ac0c000 rw-p 0003c000 08:01 1054037                    /usr/lib/x86_64-linux-gnu/libfontconfig.so.1.8.0
7f888ac0c000-7f888acb0000 r-xp 00000000 08:01 1054024                    /usr/lib/x86_64-linux-gnu/libfreetype.so.6.11.1
7f888acb0000-7f888aeaf000 ---p 000a4000 08:01 1054024                    /usr/lib/x86_64-linux-gnu/libfreetype.so.6.11.1
7f888aeaf000-7f888aeb5000 r--p 000a3000 08:01 1054024                    /usr/lib/x86_64-linux-gnu/libfreetype.so.6.11.1
7f888aeb5000-7f888aeb6000 rw-p 000a9000 08:01 1054024                    /usr/lib/x86_64-linux-gnu/libfreetype.so.6.11.1
7f888aeb6000-7f888af01000 r-xp 00000000 08:01 1054076                    /usr/lib/x86_64-linux-gnu/libpango-1.0.so.0.3600.8
7f888af01000-7f888b101000 ---p 0004b000 08:01 1054076                    /usr/lib/x86_64-linux-gnu/libpango-1.0.so.0.3600.8
7f888b101000-7f888b103000 r--p 0004b000 08:01 1054076                    /usr/lib/x86_64-linux-gnu/libpango-1.0.so.0.3600.8
7f888b103000-7f888b104000 rw-p 0004d000 08:01 1054076                    /usr/lib/x86_64-linux-gnu/libpango-1.0.so.0.3600.8
7f888b104000-7f888b214000 r-xp 00000000 08:01 1054050                    /usr/lib/x86_64-linux-gnu/libcairo.so.2.11400.0
7f888b214000-7f888b414000 ---p 00110000 08:01 1054050                    /usr/lib/x86_64-linux-gnu/libcairo.so.2.11400.0
7f888b414000-7f888b417000 r--p 00110000 08:01 1054050                    /usr/lib/x86_64-linux-gnu/libcairo.so.2.11400.0
7f888b417000-7f888b418000 rw-p 00113000 08:01 1054050                    /usr/lib/x86_64-linux-gnu/libcairo.so.2.11400.0
7f888b418000-7f888b41a000 rw-p 00000000 00:00 0 
7f888b41a000-7f888b426000 r-xp 00000000 08:01 1054086                    /usr/lib/x86_64-linux-gnu/libpangocairo-1.0.so.0.3600.8
7f888b426000-7f888b625000 ---p 0000c000 08:01 1054086                    /usr/lib/x86_64-linux-gnu/libpangocairo-1.0.so.0.3600.8
7f888b625000-7f888b626000 r--p 0000b000 08:01 1054086                    /usr/lib/x86_64-linux-gnu/libpangocairo-1.0.so.0.3600.8
7f888b626000-7f888b627000 rw-p 0000c000 08:01 1054086                    /usr/lib/x86_64-linux-gnu/libpangocairo-1.0.so.0.3600.8
7f888b627000-7f888b648000 r-xp 00000000 08:01 1074854                    /usr/lib/x86_64-linux-gnu/libgdk_pixbuf-2.0.so.0.3100.1
7f888b648000-7f888b847000 ---p 00021000 08:01 1074854                    /usr/lib/x86_64-linux-gnu/libgdk_pixbuf-2.0.so.0.3100.1
7f888b847000-7f888b848000 r--p 00020000 08:01 1074854                    /usr/lib/x86_64-linux-gnu/libgdk_pixbuf-2.0.so.0.3100.1
7f888b848000-7f888b849000 rw-p 00021000 08:01 1074854                    /usr/lib/x86_64-linux-gnu/libgdk_pixbuf-2.0.so.0.3100.1
7f888b849000-7f888b85d000 r-xp 00000000 08:01 1054084                    /usr/lib/x86_64-linux-gnu/libpangoft2-1.0.so.0.3600.8
7f888b85d000-7f888ba5d000 ---p 00014000 08:01 1054084                    /usr/lib/x86_64-linux-gnu/libpangoft2-1.0.so.0.3600.8
7f888ba5d000-7f888ba5e000 r--p 00014000 08:01 1054084                    /usr/lib/x86_64-linux-gnu/libpangoft2-1.0.so.0.3600.8
7f888ba5e000-7f888ba5f000 rw-p 00015000 08:01 1054084                    /usr/lib/x86_64-linux-gnu/libpangoft2-1.0.so.0.3600.8
7f888ba5f000-7f888bbd1000 r-xp 00000000 08:01 1053883                    /usr/lib/x86_64-linux-gnu/libgio-2.0.so.0.4200.1
7f888bbd1000-7f888bdd1000 ---p 00172000 08:01 1053883                    /usr/lib/x86_64-linux-gnu/libgio-2.0.so.0.4200.1
7f888bdd1000-7f888bdd5000 r--p 00172000 08:01 1053883                    /usr/lib/x86_64-linux-gnu/libgio-2.0.so.0.4200.1
7f888bdd5000-7f888bdd7000 rw-p 00176000 08:01 1053883                    /usr/lib/x86_64-linux-gnu/libgio-2.0.so.0.4200.1
7f888bdd7000-7f888bdd9000 rw-p 00000000 00:00 0 
7f888bdd9000-7f888bdfc000 r-xp 00000000 08:01 1054170                    /usr/lib/x86_64-linux-gnu/libatk-1.0.so.0.21409.1
7f888bdfc000-7f888bffb000 ---p 00023000 08:01 1054170                    /usr/lib/x86_64-linux-gnu/libatk-1.0.so.0.21409.1
7f888bffb000-7f888bfff000 r--p 00022000 08:01 1054170                    /usr/lib/x86_64-linux-gnu/libatk-1.0.so.0.21409.1
7f888bfff000-7f888c000000 rw-p 00026000 08:01 1054170                    /usr/lib/x86_64-linux-gnu/libatk-1.0.so.0.21409.1
7f888c000000-7f888c5d2000 rw-p 00000000 00:00 0 
7f888c5d2000-7f8890000000 ---p 00000000 00:00 0 
7f8890000000-7f889023b000 rw-p 00000000 00:00 0 
7f889023b000-7f8894000000 ---p 00000000 00:00 0 
7f8894000000-7f8894021000 rw-p 00000000 00:00 0 
7f8894021000-7f8898000000 ---p 00000000 00:00 0 
7f8898000000-7f88985f5000 rw-p 00000000 00:00 0 
7f88985f5000-7f889c000000 ---p 00000000 00:00 0 
7f889c000000-7f889c021000 rw-p 00000000 00:00 0 
7f889c021000-7f88a0000000 ---p 00000000 00:00 0 
7f88a0000000-7f88a0021000 rw-p 00000000 00:00 0 
7f88a0021000-7f88a4000000 ---p 00000000 00:00 0 
7f88a4000000-7f88a4021000 rw-p 00000000 00:00 0 
7f88a4021000-7f88a8000000 ---p 00000000 00:00 0 
7f88a8007000-7f88a8041000 r--p 00000000 08:01 414722                     /opt/jdk8/jre/lib/fonts/LucidaTypewriterBold.ttf
7f88a8041000-7f88a8046000 r--s 00084000 08:01 276822                     /opt/jdk8/jre/lib/jfr.jar
7f88a8046000-7f88a8051000 r--s 00000000 08:01 659137                     /var/cache/fontconfig/945677eb7aeaf62f1d50efc3fb3ec7d8-le64.cache-4
7f88a8051000-7f88a8058000 r--s 00000000 08:01 660109                     /var/cache/fontconfig/3047814df9a2f067bd2d96a2b9c36e5a-le64.cache-4
7f88a8058000-7f88a805b000 ---p 00000000 00:00 0 
7f88a805b000-7f88a8159000 rw-p 00000000 00:00 0                          [stack:2794]
7f88a8159000-7f88a8209000 r-xp 00000000 08:01 1054691                    /usr/lib/x86_64-linux-gnu/libgdk-x11-2.0.so.0.2400.25
7f88a8209000-7f88a8409000 ---p 000b0000 08:01 1054691                    /usr/lib/x86_64-linux-gnu/libgdk-x11-2.0.so.0.2400.25
7f88a8409000-7f88a840d000 r--p 000b0000 08:01 1054691                    /usr/lib/x86_64-linux-gnu/libgdk-x11-2.0.so.0.2400.25
7f88a840d000-7f88a840f000 rw-p 000b4000 08:01 1054691                    /usr/lib/x86_64-linux-gnu/libgdk-x11-2.0.so.0.2400.25
7f88a840f000-7f88a884d000 r-xp 00000000 08:01 1054690                    /usr/lib/x86_64-linux-gnu/libgtk-x11-2.0.so.0.2400.25
7f88a884d000-7f88a8a4d000 ---p 0043e000 08:01 1054690                    /usr/lib/x86_64-linux-gnu/libgtk-x11-2.0.so.0.2400.25
7f88a8a4d000-7f88a8a54000 r--p 0043e000 08:01 1054690                    /usr/lib/x86_64-linux-gnu/libgtk-x11-2.0.so.0.2400.25
7f88a8a54000-7f88a8a58000 rw-p 00445000 08:01 1054690                    /usr/lib/x86_64-linux-gnu/libgtk-x11-2.0.so.0.2400.25
7f88a8a58000-7f88a8a5b000 rw-p 00000000 00:00 0 
7f88a8a5b000-7f88a8a67000 r-xp 00000000 08:01 276947                     /opt/jdk8/jre/lib/amd64/libprism_es2.so
7f88a8a67000-7f88a8c66000 ---p 0000c000 08:01 276947                     /opt/jdk8/jre/lib/amd64/libprism_es2.so
7f88a8c66000-7f88a8c67000 rw-p 0000b000 08:01 276947                     /opt/jdk8/jre/lib/amd64/libprism_es2.so
7f88a8c67000-7f88a8c6a000 ---p 00000000 00:00 0 
7f88a8c6a000-7f88a8d68000 rw-p 00000000 00:00 0                          [stack:2793]
7f88a8d68000-7f88a8dfe000 r--s 0110d000 08:01 536137                     /opt/jdk8/jre/lib/ext/jfxrt.jar
7f88a8dfe000-7f88a8dff000 ---p 00000000 00:00 0 
7f88a8dff000-7f88a8eff000 rw-p 00000000 00:00 0                          [stack:2792]
7f88a8eff000-7f88a8f02000 ---p 00000000 00:00 0 
7f88a8f02000-7f88a9000000 rw-p 00000000 00:00 0                          [stack:2791]
7f88a9000000-7f88a9510000 rwxp 00000000 00:00 0 
7f88a9510000-7f88b8000000 ---p 00000000 00:00 0 
7f88b8000000-7f88b83f4000 rw-p 00000000 00:00 0 
7f88b83f4000-7f88bc000000 ---p 00000000 00:00 0 
7f88bc001000-7f88bc004000 rw-p 00000000 00:00 0 
7f88bc004000-7f88bc005000 r--s 00000000 08:01 662088                     /var/cache/fontconfig/4794a0821666d79190d59a36cb4f44b5-le64.cache-4
7f88bc005000-7f88bc018000 r--s 00000000 08:01 660045                     /var/cache/fontconfig/d52a8644073d54c13679302ca1180695-le64.cache-4
7f88bc018000-7f88bc022000 r--s 00000000 08:01 660044                     /var/cache/fontconfig/3f7329c5293ffd510edef78f73874cfd-le64.cache-4
7f88bc022000-7f88bc02d000 r--s 00000000 08:01 659003                     /var/cache/fontconfig/d589a48862398ed80a3d6066f4f56f4c-le64.cache-4
7f88bc02d000-7f88bc03a000 r--s 00000000 08:01 652930                     /var/cache/fontconfig/e13b20fdb08344e0e664864cc2ede53d-le64.cache-4
7f88bc03a000-7f88bc064000 r--p 00000000 08:01 1061147                    /usr/share/locale/fr/LC_MESSAGES/gtk20-properties.mo
7f88bc064000-7f88bc08a000 r--p 00000000 08:01 1044583                    /usr/share/locale/fr/LC_MESSAGES/libc.mo
7f88bc08a000-7f88bc08d000 ---p 00000000 00:00 0 
7f88bc08d000-7f88bc18b000 rw-p 00000000 00:00 0                          [stack:2790]
7f88bc18b000-7f88bc18e000 ---p 00000000 00:00 0 
7f88bc18e000-7f88bc28c000 rw-p 00000000 00:00 0                          [stack:2789]
7f88bc28c000-7f88bc28f000 ---p 00000000 00:00 0 
7f88bc28f000-7f88bc38d000 rw-p 00000000 00:00 0                          [stack:2788]
7f88bc38d000-7f88bc516000 r--p 00000000 08:01 1044606                    /usr/lib/locale/locale-archive
7f88bc516000-7f88bc519000 ---p 00000000 00:00 0 
7f88bc519000-7f88bc617000 rw-p 00000000 00:00 0                          [stack:2787]
7f88bc617000-7f88bc61a000 ---p 00000000 00:00 0 
7f88bc61a000-7f88bc718000 rw-p 00000000 00:00 0                          [stack:2786]
7f88bc718000-7f88bc719000 ---p 00000000 00:00 0 
7f88bc719000-7f88bc868000 rw-p 00000000 00:00 0                          [stack:2785]
7f88bc868000-7f88bca41000 r--s 03d40000 08:01 276851                     /opt/jdk8/jre/lib/rt.jar
7f88bca41000-7f88bd256000 rw-p 00000000 00:00 0 
7f88bd256000-7f88bd38b000 ---p 00000000 00:00 0 
7f88bd38b000-7f88bd396000 rw-p 00000000 00:00 0 
7f88bd396000-7f88bd42f000 ---p 00000000 00:00 0 
7f88bd42f000-7f88bd445000 rw-p 00000000 00:00 0 
7f88bd445000-7f88bd579000 ---p 00000000 00:00 0 
7f88bd579000-7f88bd58f000 rw-p 00000000 00:00 0 
7f88bd58f000-7f88bd93a000 ---p 00000000 00:00 0 
7f88bd93a000-7f88bd954000 r-xp 00000000 08:01 276939                     /opt/jdk8/jre/lib/amd64/libzip.so
7f88bd954000-7f88bdb54000 ---p 0001a000 08:01 276939                     /opt/jdk8/jre/lib/amd64/libzip.so
7f88bdb54000-7f88bdb55000 rw-p 0001a000 08:01 276939                     /opt/jdk8/jre/lib/amd64/libzip.so
7f88bdb55000-7f88bdb60000 r-xp 00000000 08:01 787394                     /lib/x86_64-linux-gnu/libnss_files-2.19.so
7f88bdb60000-7f88bdd5f000 ---p 0000b000 08:01 787394                     /lib/x86_64-linux-gnu/libnss_files-2.19.so
7f88bdd5f000-7f88bdd60000 r--p 0000a000 08:01 787394                     /lib/x86_64-linux-gnu/libnss_files-2.19.so
7f88bdd60000-7f88bdd61000 rw-p 0000b000 08:01 787394                     /lib/x86_64-linux-gnu/libnss_files-2.19.so
7f88bdd61000-7f88bdd6b000 r-xp 00000000 08:01 787396                     /lib/x86_64-linux-gnu/libnss_nis-2.19.so
7f88bdd6b000-7f88bdf6a000 ---p 0000a000 08:01 787396                     /lib/x86_64-linux-gnu/libnss_nis-2.19.so
7f88bdf6a000-7f88bdf6b000 r--p 00009000 08:01 787396                     /lib/x86_64-linux-gnu/libnss_nis-2.19.so
7f88bdf6b000-7f88bdf6c000 rw-p 0000a000 08:01 787396                     /lib/x86_64-linux-gnu/libnss_nis-2.19.so
7f88bdf6c000-7f88bdf81000 r-xp 00000000 08:01 787391                     /lib/x86_64-linux-gnu/libnsl-2.19.so
7f88bdf81000-7f88be180000 ---p 00015000 08:01 787391                     /lib/x86_64-linux-gnu/libnsl-2.19.so
7f88be180000-7f88be181000 r--p 00014000 08:01 787391                     /lib/x86_64-linux-gnu/libnsl-2.19.so
7f88be181000-7f88be182000 rw-p 00015000 08:01 787391                     /lib/x86_64-linux-gnu/libnsl-2.19.so
7f88be182000-7f88be184000 rw-p 00000000 00:00 0 
7f88be184000-7f88be18b000 r-xp 00000000 08:01 787392                     /lib/x86_64-linux-gnu/libnss_compat-2.19.so
7f88be18b000-7f88be38a000 ---p 00007000 08:01 787392                     /lib/x86_64-linux-gnu/libnss_compat-2.19.so
7f88be38a000-7f88be38b000 r--p 00006000 08:01 787392                     /lib/x86_64-linux-gnu/libnss_compat-2.19.so
7f88be38b000-7f88be38c000 rw-p 00007000 08:01 787392                     /lib/x86_64-linux-gnu/libnss_compat-2.19.so
7f88be38c000-7f88be3b7000 r-xp 00000000 08:01 276933                     /opt/jdk8/jre/lib/amd64/libjava.so
7f88be3b7000-7f88be5b6000 ---p 0002b000 08:01 276933                     /opt/jdk8/jre/lib/amd64/libjava.so
7f88be5b6000-7f88be5b8000 rw-p 0002a000 08:01 276933                     /opt/jdk8/jre/lib/amd64/libjava.so
7f88be5b8000-7f88be5c5000 r-xp 00000000 08:01 276938                     /opt/jdk8/jre/lib/amd64/libverify.so
7f88be5c5000-7f88be7c4000 ---p 0000d000 08:01 276938                     /opt/jdk8/jre/lib/amd64/libverify.so
7f88be7c4000-7f88be7c6000 rw-p 0000c000 08:01 276938                     /opt/jdk8/jre/lib/amd64/libverify.so
7f88be7c6000-7f88be7cd000 r-xp 00000000 08:01 787400                     /lib/x86_64-linux-gnu/librt-2.19.so
7f88be7cd000-7f88be9cc000 ---p 00007000 08:01 787400                     /lib/x86_64-linux-gnu/librt-2.19.so
7f88be9cc000-7f88be9cd000 r--p 00006000 08:01 787400                     /lib/x86_64-linux-gnu/librt-2.19.so
7f88be9cd000-7f88be9ce000 rw-p 00007000 08:01 787400                     /lib/x86_64-linux-gnu/librt-2.19.so
7f88be9ce000-7f88beace000 r-xp 00000000 08:01 787389                     /lib/x86_64-linux-gnu/libm-2.19.so
7f88beace000-7f88beccd000 ---p 00100000 08:01 787389                     /lib/x86_64-linux-gnu/libm-2.19.so
7f88beccd000-7f88becce000 r--p 000ff000 08:01 787389                     /lib/x86_64-linux-gnu/libm-2.19.so
7f88becce000-7f88beccf000 rw-p 00100000 08:01 787389                     /lib/x86_64-linux-gnu/libm-2.19.so
7f88beccf000-7f88bf99e000 r-xp 00000000 08:01 276916                     /opt/jdk8/jre/lib/amd64/server/libjvm.so
7f88bf99e000-7f88bfb9e000 ---p 00ccf000 08:01 276916                     /opt/jdk8/jre/lib/amd64/server/libjvm.so
7f88bfb9e000-7f88bfc77000 rw-p 00ccf000 08:01 276916                     /opt/jdk8/jre/lib/amd64/server/libjvm.so
7f88bfc77000-7f88bfcc2000 rw-p 00000000 00:00 0 
7f88bfcc2000-7f88bfe63000 r-xp 00000000 08:01 787385                     /lib/x86_64-linux-gnu/libc-2.19.so
7f88bfe63000-7f88c0063000 ---p 001a1000 08:01 787385                     /lib/x86_64-linux-gnu/libc-2.19.so
7f88c0063000-7f88c0067000 r--p 001a1000 08:01 787385                     /lib/x86_64-linux-gnu/libc-2.19.so
7f88c0067000-7f88c0069000 rw-p 001a5000 08:01 787385                     /lib/x86_64-linux-gnu/libc-2.19.so
7f88c0069000-7f88c006d000 rw-p 00000000 00:00 0 
7f88c006d000-7f88c0070000 r-xp 00000000 08:01 787388                     /lib/x86_64-linux-gnu/libdl-2.19.so
7f88c0070000-7f88c026f000 ---p 00003000 08:01 787388                     /lib/x86_64-linux-gnu/libdl-2.19.so
7f88c026f000-7f88c0270000 r--p 00002000 08:01 787388                     /lib/x86_64-linux-gnu/libdl-2.19.so
7f88c0270000-7f88c0271000 rw-p 00003000 08:01 787388                     /lib/x86_64-linux-gnu/libdl-2.19.so
7f88c0271000-7f88c0286000 r-xp 00000000 08:01 276911                     /opt/jdk8/jre/lib/amd64/jli/libjli.so
7f88c0286000-7f88c0486000 ---p 00015000 08:01 276911                     /opt/jdk8/jre/lib/amd64/jli/libjli.so
7f88c0486000-7f88c0487000 rw-p 00015000 08:01 276911                     /opt/jdk8/jre/lib/amd64/jli/libjli.so
7f88c0487000-7f88c049f000 r-xp 00000000 08:01 787381                     /lib/x86_64-linux-gnu/libpthread-2.19.so
7f88c049f000-7f88c069e000 ---p 00018000 08:01 787381                     /lib/x86_64-linux-gnu/libpthread-2.19.so
7f88c069e000-7f88c069f000 r--p 00017000 08:01 787381                     /lib/x86_64-linux-gnu/libpthread-2.19.so
7f88c069f000-7f88c06a0000 rw-p 00018000 08:01 787381                     /lib/x86_64-linux-gnu/libpthread-2.19.so
7f88c06a0000-7f88c06a4000 rw-p 00000000 00:00 0 
7f88c06a4000-7f88c06c5000 r-xp 00000000 08:01 787382                     /lib/x86_64-linux-gnu/ld-2.19.so
7f88c06c5000-7f88c06c8000 r--s 00000000 08:01 660070                     /var/cache/fontconfig/e49e89034d371f0f9de17aab02136486-le64.cache-4
7f88c06c8000-7f88c06d7000 r--p 00000000 08:01 1061146                    /usr/share/locale/fr/LC_MESSAGES/gtk20.mo
7f88c06d7000-7f88c07a8000 rw-p 00000000 00:00 0 
7f88c07a8000-7f88c07ab000 ---p 00000000 00:00 0 
7f88c07ab000-7f88c08ad000 rw-p 00000000 00:00 0                          [stack:2782]
7f88c08ad000-7f88c08af000 r--s 00000000 08:01 660058                     /var/cache/fontconfig/4b14b093aebc79c320de5e86ae1d3314-le64.cache-4
7f88c08af000-7f88c08b6000 r--s 00000000 08:01 1050182                    /usr/lib/x86_64-linux-gnu/gconv/gconv-modules.cache
7f88c08b6000-7f88c08b8000 r--s 00002000 08:01 795275                     /home/developpeur/JavaFX-Application/GSB-RV-DR-Application/GSB-RV-DR/dist/run1341336833/GSB-RV-DR.jar
7f88c08b8000-7f88c08c0000 rw-s 00000000 08:01 391881                     /tmp/hsperfdata_developpeur/2780
7f88c08c0000-7f88c08c1000 rw-p 00000000 00:00 0 
7f88c08c1000-7f88c08c2000 r--p 00000000 00:00 0 
7f88c08c2000-7f88c08c4000 rw-p 00000000 00:00 0 
7f88c08c4000-7f88c08c5000 r--p 00020000 08:01 787382                     /lib/x86_64-linux-gnu/ld-2.19.so
7f88c08c5000-7f88c08c6000 rw-p 00021000 08:01 787382                     /lib/x86_64-linux-gnu/ld-2.19.so
7f88c08c6000-7f88c08c7000 rw-p 00000000 00:00 0 
7ffc2d7f8000-7ffc2d819000 rw-p 00000000 00:00 0                          [stack]
7ffc2d9f7000-7ffc2d9f9000 r-xp 00000000 00:00 0                          [vdso]
7ffc2d9f9000-7ffc2d9fb000 r--p 00000000 00:00 0                          [vvar]
ffffffffff600000-ffffffffff601000 r-xp 00000000 00:00 0                  [vsyscall]

VM Arguments:
jvm_args: -Dfile.encoding=UTF-8 
java_command: /home/developpeur/JavaFX-Application/GSB-RV-DR-Application/GSB-RV-DR/dist/run1341336833/GSB-RV-DR.jar
java_class_path (initial): /home/developpeur/JavaFX-Application/GSB-RV-DR-Application/GSB-RV-DR/dist/run1341336833/GSB-RV-DR.jar
Launcher Type: SUN_STANDARD

Environment Variables:
JAVA_HOME=/opt/jdk8
PATH=/opt/jdk8/bin:/usr/local/bin:/usr/bin:/bin:/usr/local/games:/usr/games:/usr/lib/jvm/java-8-oracle/bin:/usr/lib/jvm/java-8-oracle/db/bin:/usr/lib/jvm/java-8-oracle/jre/bin
LD_LIBRARY_PATH=/opt/jdk8/jre/lib/amd64:/opt/jdk8/jre/lib/i386:
SHELL=/bin/bash
DISPLAY=:0.0

Signal Handlers:
SIGSEGV: [libjvm.so+0xac8af0], sa_mask[0]=11111111011111111101111111111110, sa_flags=SA_RESTART|SA_SIGINFO
SIGBUS: [libjvm.so+0xac8af0], sa_mask[0]=11111111011111111101111111111110, sa_flags=SA_RESTART|SA_SIGINFO
SIGFPE: [libjvm.so+0x921dd0], sa_mask[0]=11111111011111111101111111111110, sa_flags=SA_RESTART|SA_SIGINFO
SIGPIPE: SIG_IGN, sa_mask[0]=00000000000010000000000000000000, sa_flags=SA_RESTART
SIGXFSZ: [libjvm.so+0x921dd0], sa_mask[0]=11111111011111111101111111111110, sa_flags=SA_RESTART|SA_SIGINFO
SIGILL: [libjvm.so+0x921dd0], sa_mask[0]=11111111011111111101111111111110, sa_flags=SA_RESTART|SA_SIGINFO
SIGUSR1: SIG_DFL, sa_mask[0]=00000000000000000000000000000000, sa_flags=none
SIGUSR2: [libjvm.so+0x923610], sa_mask[0]=00100000000000000000000000000000, sa_flags=SA_RESTART|SA_SIGINFO
SIGHUP: [libjvm.so+0x924a10], sa_mask[0]=11111111011111111101111111111110, sa_flags=SA_RESTART|SA_SIGINFO
SIGINT: SIG_IGN, sa_mask[0]=00000000000000000000000000000000, sa_flags=none
SIGTERM: [libjvm.so+0x924a10], sa_mask[0]=11111111011111111101111111111110, sa_flags=SA_RESTART|SA_SIGINFO
SIGQUIT: [libjvm.so+0x924a10], sa_mask[0]=11111111011111111101111111111110, sa_flags=SA_RESTART|SA_SIGINFO


---------------  S Y S T E M  ---------------

OS:PRETTY_NAME="Debian GNU/Linux 8 (jessie)"
NAME="Debian GNU/Linux"
VERSION_ID="8"
VERSION="8 (jessie)"
ID=debian
HOME_URL="http://www.debian.org/"
SUPPORT_URL="http://www.debian.org/support"
BUG_REPORT_URL="https://bugs.debian.org/"

uname:Linux 3.16.0-5-amd64 #1 SMP Debian 3.16.51-3+deb8u1 (2018-01-08) x86_64
libc:glibc 2.19 NPTL 2.19 
rlimit: STACK 8192k, CORE 0k, NPROC 15740, NOFILE 65536, AS infinity
load average:1,23 1,07 0,75

/proc/meminfo:
MemTotal:        4046668 kB
MemFree:         1694672 kB
MemAvailable:    2336696 kB
Buffers:          121776 kB
Cached:           733416 kB
SwapCached:            0 kB
Active:          1618396 kB
Inactive:         528268 kB
Active(anon):    1294004 kB
Inactive(anon):    88452 kB
Active(file):     324392 kB
Inactive(file):   439816 kB
Unevictable:           0 kB
Mlocked:               0 kB
SwapTotal:        901116 kB
SwapFree:         901116 kB
Dirty:              2232 kB
Writeback:             0 kB
AnonPages:       1291492 kB
Mapped:           302576 kB
Shmem:             90992 kB
Slab:             123036 kB
SReclaimable:      93484 kB
SUnreclaim:        29552 kB
KernelStack:        9088 kB
PageTables:        23092 kB
NFS_Unstable:          0 kB
Bounce:                0 kB
WritebackTmp:          0 kB
CommitLimit:     2924448 kB
Committed_AS:    3584704 kB
VmallocTotal:   34359738367 kB
VmallocUsed:      175704 kB
VmallocChunk:   34359559924 kB
HardwareCorrupted:     0 kB
AnonHugePages:         0 kB
HugePages_Total:       0
HugePages_Free:        0
HugePages_Rsvd:        0
HugePages_Surp:        0
Hugepagesize:       2048 kB
DirectMap4k:       59264 kB
DirectMap2M:     3086336 kB
DirectMap1G:     3145728 kB


CPU:total 1 (initial active 1) (1 cores per cpu, 1 threads per core) family 6 model 94 stepping 3, cmov, cx8, fxsr, mmx, sse, sse2, sse3, ssse3, sse4.1, sse4.2, popcnt, avx, avx2, aes, clmul, erms, rtm, 3dnowpref, lzcnt, tsc, tscinvbit, bmi1, bmi2, adx

/proc/cpuinfo:
processor	: 0
vendor_id	: GenuineIntel
cpu family	: 6
model		: 94
model name	: Intel(R) Core(TM) i7-6700 CPU @ 3.40GHz
stepping	: 3
microcode	: 0xd6
cpu MHz		: 3408.020
cache size	: 8192 KB
physical id	: 0
siblings	: 1
core id		: 0
cpu cores	: 1
apicid		: 0
initial apicid	: 0
fpu		: yes
fpu_exception	: yes
cpuid level	: 22
wp		: yes
flags		: fpu vme de pse tsc msr pae mce cx8 apic sep mtrr pge mca cmov pat pse36 clflush mmx fxsr sse sse2 ss syscall nx pdpe1gb rdtscp lm constant_tsc arch_perfmon nopl xtopology tsc_reliable nonstop_tsc eagerfpu pni pclmulqdq vmx ssse3 fma cx16 pcid sse4_1 sse4_2 x2apic movbe popcnt tsc_deadline_timer aes xsave avx f16c rdrand hypervisor lahf_lm abm 3dnowprefetch arat xsaveopt invpcid_single tpr_shadow vnmi ept vpid fsgsbase tsc_adjust bmi1 hle avx2 smep bmi2 invpcid rtm rdseed adx smap
bogomips	: 6816.04
clflush size	: 64
cache_alignment	: 64
address sizes	: 42 bits physical, 48 bits virtual
power management:



Memory: 4k page, physical 4046668k(1694672k free), swap 901116k(901116k free)

vm_info: Java HotSpot(TM) 64-Bit Server VM (25.131-b11) for linux-amd64 JRE (1.8.0_131-b11), built on Mar 15 2017 01:23:40 by "java_re" with gcc 4.3.0 20080428 (Red Hat 4.3.0-8)

time: Tue Mar 10 13:43:06 2020
elapsed time: 7 seconds (0d 0h 0m 7s)

